Using pre-set license
Built from '2020.3/staging' branch; Version is '2020.3.17f1 (a4537701e4ab) revision 10769271'; Using compiler version '192528614'; Build Type 'Release'
OS: 'Windows 10 Home; OS build 22000.318; Version 2009; 64bit' Language: 'en' Physical Memory: 14274 MB
BatchMode: 1, IsHumanControllingUs: 0, StartBugReporterOnCrash: 0, Is64bit: 1, IsPro: 0

COMMAND LINE ARGUMENTS:
C:\Program Files\Unity\Hub\Editor\2020.3.17f1\Editor\Unity.exe
-adb2
-batchMode
-noUpm
-name
AssetImportWorker25
-projectPath
C:/Users/kyled/OneDrive/Documents/Unity/Fireworks2
-logFile
Logs/AssetImportWorker25.log
-srvPort
64347
Successfully changed project path to: C:/Users/kyled/OneDrive/Documents/Unity/Fireworks2
C:/Users/kyled/OneDrive/Documents/Unity/Fireworks2
Using Asset Import Pipeline V2.
Refreshing native plugins compatible for Editor in 380.06 ms, found 2 plugins.
Preloading 0 native plugins for Editor in 0.00 ms.
Initialize engine version: 2020.3.17f1 (a4537701e4ab)
[Subsystems] Discovering subsystems at path C:/Program Files/Unity/Hub/Editor/2020.3.17f1/Editor/Data/Resources/UnitySubsystems
[Subsystems] Discovering subsystems at path C:/Users/kyled/OneDrive/Documents/Unity/Fireworks2/Assets
GfxDevice: creating device client; threaded=0
Direct3D:
    Version:  Direct3D 11.0 [level 11.1]
    Renderer: AMD Radeon(TM) Vega 3 Graphics (ID=0x15d8)
    Vendor:   
    VRAM:     7137 MB
    Driver:   27.20.1028.1
Initialize mono
Mono path[0] = 'C:/Program Files/Unity/Hub/Editor/2020.3.17f1/Editor/Data/Managed'
Mono path[1] = 'C:/Program Files/Unity/Hub/Editor/2020.3.17f1/Editor/Data/MonoBleedingEdge/lib/mono/unityjit'
Mono config path = 'C:/Program Files/Unity/Hub/Editor/2020.3.17f1/Editor/Data/MonoBleedingEdge/etc'
Using monoOptions --debugger-agent=transport=dt_socket,embedding=1,server=y,suspend=n,address=127.0.0.1:56380
Begin MonoManager ReloadAssembly
Registering precompiled unity dll's ...
Register platform support module: C:/Program Files/Unity/Hub/Editor/2020.3.17f1/Editor/Data/PlaybackEngines/WebGLSupport/UnityEditor.WebGL.Extensions.dll
Register platform support module: C:/Program Files/Unity/Hub/Editor/2020.3.17f1/Editor/Data/PlaybackEngines/WindowsStandaloneSupport/UnityEditor.WindowsStandalone.Extensions.dll
Registered in 0.007412 seconds.
Native extension for WindowsStandalone target not found
Native extension for WebGL target not found
Refreshing native plugins compatible for Editor in 409.58 ms, found 2 plugins.
Preloading 0 native plugins for Editor in 0.00 ms.
Mono: successfully reloaded assembly
- Completed reload, in  5.821 seconds
Domain Reload Profiling:
	ReloadAssembly (5822ms)
		BeginReloadAssembly (286ms)
			ExecutionOrderSort (0ms)
			DisableScriptedObjects (0ms)
			BackupInstance (0ms)
			ReleaseScriptingObjects (0ms)
			CreateAndSetChildDomain (2ms)
		EndReloadAssembly (2383ms)
			LoadAssemblies (280ms)
			RebuildTransferFunctionScriptingTraits (0ms)
			SetupTypeCache (866ms)
			ReleaseScriptCaches (0ms)
			RebuildScriptCaches (150ms)
			SetupLoadedEditorAssemblies (1049ms)
				LogAssemblyErrors (0ms)
				InitializePlatformSupportModulesInManaged (44ms)
				SetLoadedEditorAssemblies (0ms)
				RefreshPlugins (415ms)
				BeforeProcessingInitializeOnLoad (37ms)
				ProcessInitializeOnLoadAttributes (389ms)
				ProcessInitializeOnLoadMethodAttributes (163ms)
				AfterProcessingInitializeOnLoad (0ms)
				EditorAssembliesLoaded (0ms)
			ExecutionOrderSort2 (0ms)
			AwakeInstancesAfterBackupRestoration (0ms)
Platform modules already initialized, skipping
Registering precompiled user dll's ...
Registered in 0.018715 seconds.
Begin MonoManager ReloadAssembly
Native extension for WindowsStandalone target not found
Native extension for WebGL target not found
Refreshing native plugins compatible for Editor in 414.51 ms, found 2 plugins.
Preloading 0 native plugins for Editor in 0.00 ms.
Mono: successfully reloaded assembly
- Completed reload, in 12.553 seconds
Domain Reload Profiling:
	ReloadAssembly (12603ms)
		BeginReloadAssembly (747ms)
			ExecutionOrderSort (0ms)
			DisableScriptedObjects (19ms)
			BackupInstance (0ms)
			ReleaseScriptingObjects (0ms)
			CreateAndSetChildDomain (73ms)
		EndReloadAssembly (11539ms)
			LoadAssemblies (380ms)
			RebuildTransferFunctionScriptingTraits (0ms)
			SetupTypeCache (1917ms)
			ReleaseScriptCaches (2ms)
			RebuildScriptCaches (498ms)
			SetupLoadedEditorAssemblies (8083ms)
				LogAssemblyErrors (0ms)
				InitializePlatformSupportModulesInManaged (63ms)
				SetLoadedEditorAssemblies (0ms)
				RefreshPlugins (415ms)
				BeforeProcessingInitializeOnLoad (356ms)
				ProcessInitializeOnLoadAttributes (1745ms)
				ProcessInitializeOnLoadMethodAttributes (5482ms)
				AfterProcessingInitializeOnLoad (22ms)
				EditorAssembliesLoaded (0ms)
			ExecutionOrderSort2 (0ms)
			AwakeInstancesAfterBackupRestoration (50ms)
Platform modules already initialized, skipping
========================================================================
Worker process is ready to serve import requests
Launched and connected shader compiler UnityShaderCompiler.exe after 0.19 seconds
Refreshing native plugins compatible for Editor in 1.85 ms, found 2 plugins.
Preloading 0 native plugins for Editor in 0.00 ms.
Unloading 4081 Unused Serialized files (Serialized files now loaded: 0)
System memory in use before: 192.3 MB.
System memory in use after: 192.5 MB.

Unloading 22 unused Assets to reduce memory usage. Loaded Objects now: 4533.
Total: 10.418400 ms (FindLiveObjects: 0.848100 ms CreateObjectMapping: 0.434700 ms MarkObjects: 9.006200 ms  DeleteObjects: 0.125900 ms)

AssetImportParameters requested are different than current active one (requested -> active):
  custom:framework-win-MediaFoundation: 216162199b28c13a410421893ffa2e32 -> 
  custom:video-decoder-ogg-theora: a1e56fd34408186e4bbccfd4996cb3dc -> 
  custom:container-muxer-webm: aa71ff27fc2769a1b78a27578f13a17b -> 
  custom:container-demuxer-webm: 4f35f7cbe854078d1ac9338744f61a02 -> 
  custom:container-demuxer-ogg: 62fdf1f143b41e24485cea50d1cbac27 -> 
  custom:video-encoder-webm-vp8: eb34c28f22e8b96e1ab97ce403110664 -> 
  custom:video-decoder-webm-vp8: 9c59270c3fd7afecdb556c50c9e8de78 -> 
  custom:audio-decoder-ogg-vorbis: bf7c407c2cedff20999df2af8eb42d56 -> 
  custom:audio-encoder-webm-vorbis: bf7c407c2cedff20999df2af8eb42d56 -> 
========================================================================
Received Import Request.
  path: Assets/Firework2.vfx
  artifactKey: Guid(c139a182302823d418c8d22a020bc651) Importer(815301076,1909f56bfc062723c751e8b465ee728b)
Start importing Assets/Firework2.vfx using Guid(c139a182302823d418c8d22a020bc651) Importer(815301076,1909f56bfc062723c751e8b465ee728b)  -> (artifact id: 'b1d37b1650ecb3c4b64b204c5a43bf1e') in 0.123305 seconds 
  Import took 0.150504 seconds .

========================================================================
Received Import Request.
  Time since last request: 0.000700 seconds.
  path: Assets/Fireworks.vfx
  artifactKey: Guid(5cba4b201e6f056488343331ed66bc05) Importer(815301076,1909f56bfc062723c751e8b465ee728b)
Start importing Assets/Fireworks.vfx using Guid(5cba4b201e6f056488343331ed66bc05) Importer(815301076,1909f56bfc062723c751e8b465ee728b)  -> (artifact id: '9d5af1ed3d16baf19ec690d1d515a424') in 0.047109 seconds 
  Import took 0.071807 seconds .

========================================================================
Received Import Request.
  Time since last request: 140.045509 seconds.
  path: Assets/Firework2.vfx
  artifactKey: Guid(c139a182302823d418c8d22a020bc651) Importer(815301076,1909f56bfc062723c751e8b465ee728b)
Start importing Assets/Firework2.vfx using Guid(c139a182302823d418c8d22a020bc651) Importer(815301076,1909f56bfc062723c751e8b465ee728b)  -> (artifact id: 'c12da55ec6daf9f9a2cac32bd8ab0172') in 0.065271 seconds 
  Import took 0.107862 seconds .

========================================================================
Received Import Request.
  Time since last request: 9.489248 seconds.
  path: Packages/com.unity.visualeffectgraph/Textures/DefaultParticle.tga
  artifactKey: Guid(276d9e395ae18fe40a9b4988549f2349) Importer(815301076,1909f56bfc062723c751e8b465ee728b)
Start importing Packages/com.unity.visualeffectgraph/Textures/DefaultParticle.tga using Guid(276d9e395ae18fe40a9b4988549f2349) Importer(815301076,1909f56bfc062723c751e8b465ee728b)  -> (artifact id: '657dfc756e1620ccc2674972e7a69429') in 0.691329 seconds 
  Import took 1.154818 seconds .

========================================================================
Received Import Request.
  Time since last request: 0.000329 seconds.
  path: Packages/com.unity.visualeffectgraph/Textures/SignedDistanceField.asset
  artifactKey: Guid(5c2949c31aafddd4e8011ffdebb8fdf7) Importer(815301076,1909f56bfc062723c751e8b465ee728b)
Start importing Packages/com.unity.visualeffectgraph/Textures/SignedDistanceField.asset using Guid(5c2949c31aafddd4e8011ffdebb8fdf7) Importer(815301076,1909f56bfc062723c751e8b465ee728b)  -> (artifact id: 'e01368b49b01000552b4099a0b3ef161') in 1.042654 seconds 
  Import took 1.078157 seconds .

========================================================================
Received Import Request.
  Time since last request: 0.000441 seconds.
  path: Packages/com.unity.collab-proxy/Editor/Collaborate/Assets/Icons/diff-dark@2x.png
  artifactKey: Guid(1875b6a8fb148514ab1d9494eae2dd9e) Importer(815301076,1909f56bfc062723c751e8b465ee728b)
Start importing Packages/com.unity.collab-proxy/Editor/Collaborate/Assets/Icons/diff-dark@2x.png using Guid(1875b6a8fb148514ab1d9494eae2dd9e) Importer(815301076,1909f56bfc062723c751e8b465ee728b)  -> (artifact id: 'b4eec43771286f049bac3fcaff292aee') in 0.252948 seconds 
  Import took 0.338312 seconds .

========================================================================
Received Import Request.
  Time since last request: 0.000404 seconds.
  path: Packages/com.unity.collab-proxy/Editor/Collaborate/Assets/Icons/diff-dark.png
  artifactKey: Guid(06bb2a7fb040987409dae109d185de22) Importer(815301076,1909f56bfc062723c751e8b465ee728b)
Start importing Packages/com.unity.collab-proxy/Editor/Collaborate/Assets/Icons/diff-dark.png using Guid(06bb2a7fb040987409dae109d185de22) Importer(815301076,1909f56bfc062723c751e8b465ee728b)  -> (artifact id: 'a6117f996b8e5afec4e3db6f39d5fae7') in 0.315023 seconds 
  Import took 0.384883 seconds .

========================================================================
Received Import Request.
  Time since last request: 0.000485 seconds.
  path: Assets/HDRPDefaultResources/DefaultHDRISky.exr
  artifactKey: Guid(54a3a0570aebe8949bec4966f1376581) Importer(815301076,1909f56bfc062723c751e8b465ee728b)
Start importing Assets/HDRPDefaultResources/DefaultHDRISky.exr using Guid(54a3a0570aebe8949bec4966f1376581) Importer(815301076,1909f56bfc062723c751e8b465ee728b)  -> (artifact id: '1b574980b9275bed72a46f0a1c39b55a') in 0.309573 seconds 
  Import took 0.335854 seconds .

========================================================================
Received Import Request.
  Time since last request: 0.000399 seconds.
  path: Packages/com.unity.visualeffectgraph/Textures/Sparkle.tga
  artifactKey: Guid(49cb5aa34272b034d8b754c65d9cdbfa) Importer(815301076,1909f56bfc062723c751e8b465ee728b)
Start importing Packages/com.unity.visualeffectgraph/Textures/Sparkle.tga using Guid(49cb5aa34272b034d8b754c65d9cdbfa) Importer(815301076,1909f56bfc062723c751e8b465ee728b)  -> (artifact id: '07f3fcf421c402bfc2244c17a3f7897d') in 0.267824 seconds 
  Import took 0.307487 seconds .

========================================================================
Received Import Request.
  Time since last request: 0.000606 seconds.
  path: Packages/com.unity.collab-proxy/Editor/Collaborate/Assets/Icons/deleted-file-dark@2x.png
  artifactKey: Guid(a7d900a247e707e45a257328c3ee381e) Importer(815301076,1909f56bfc062723c751e8b465ee728b)
Start importing Packages/com.unity.collab-proxy/Editor/Collaborate/Assets/Icons/deleted-file-dark@2x.png using Guid(a7d900a247e707e45a257328c3ee381e) Importer(815301076,1909f56bfc062723c751e8b465ee728b)  -> (artifact id: '33711caa33eee501fc643f3cf239f9d9') in 0.249509 seconds 
  Import took 0.353606 seconds .

========================================================================
Received Import Request.
  Time since last request: 0.000650 seconds.
  path: Assets/SampleSceneAssets/Textures/General/DecalWear_Normal.tga
  artifactKey: Guid(c5fd83a446ae0c042a0d7296d58e7271) Importer(815301076,1909f56bfc062723c751e8b465ee728b)
Start importing Assets/SampleSceneAssets/Textures/General/DecalWear_Normal.tga using Guid(c5fd83a446ae0c042a0d7296d58e7271) Importer(815301076,1909f56bfc062723c751e8b465ee728b)  -> (artifact id: 'ed44f2179ca14df9328fec1735c1fb06') in 0.281595 seconds 
  Import took 0.381453 seconds .

========================================================================
Received Import Request.
  Time since last request: 0.000563 seconds.
  path: Packages/com.unity.render-pipelines.high-definition/Runtime/RenderPipelineResources/Texture/Matcap/DefaultMatcap.png
  artifactKey: Guid(e655445a13b501944a2641ea144edda5) Importer(815301076,1909f56bfc062723c751e8b465ee728b)
Start importing Packages/com.unity.render-pipelines.high-definition/Runtime/RenderPipelineResources/Texture/Matcap/DefaultMatcap.png using Guid(e655445a13b501944a2641ea144edda5) Importer(815301076,1909f56bfc062723c751e8b465ee728b)  -> (artifact id: '85272cfafbb91dd128601738e60aee2b') in 0.302149 seconds 
  Import took 0.373641 seconds .

========================================================================
Received Import Request.
  Time since last request: 0.000756 seconds.
  path: Packages/com.unity.collab-proxy/Editor/Collaborate/Assets/Icons/deleted-file-dark.png
  artifactKey: Guid(ce3ca6a541b5fbc4c80edb5195d78731) Importer(815301076,1909f56bfc062723c751e8b465ee728b)
Start importing Packages/com.unity.collab-proxy/Editor/Collaborate/Assets/Icons/deleted-file-dark.png using Guid(ce3ca6a541b5fbc4c80edb5195d78731) Importer(815301076,1909f56bfc062723c751e8b465ee728b)  -> (artifact id: 'b2520b865e367c51246f2398e8b7d82b') in 0.275931 seconds 
  Import took 0.351215 seconds .

========================================================================
Received Import Request.
  Time since last request: 0.000399 seconds.
  path: Packages/com.unity.render-pipelines.high-definition/Editor/RenderPipelineResources/Texture/LightUnitIcons/DecorativeLight@2x.png
  artifactKey: Guid(ac6bd7230f54da84b8ad3a0e2b14b3d9) Importer(815301076,1909f56bfc062723c751e8b465ee728b)
Start importing Packages/com.unity.render-pipelines.high-definition/Editor/RenderPipelineResources/Texture/LightUnitIcons/DecorativeLight@2x.png using Guid(ac6bd7230f54da84b8ad3a0e2b14b3d9) Importer(815301076,1909f56bfc062723c751e8b465ee728b)  -> (artifact id: '3424a63b39ef4bcc229e9a5ef79dc263') in 0.318705 seconds 
  Import took 0.379195 seconds .

========================================================================
Received Import Request.
  Time since last request: 0.028234 seconds.
  path: Packages/com.unity.render-pipelines.high-definition/Editor/RenderPipelineResources/Texture/DiffusionProfileSettingsAsset.png
  artifactKey: Guid(87c4629bc47a322429681210f0a229d4) Importer(815301076,1909f56bfc062723c751e8b465ee728b)
Start importing Packages/com.unity.render-pipelines.high-definition/Editor/RenderPipelineResources/Texture/DiffusionProfileSettingsAsset.png using Guid(87c4629bc47a322429681210f0a229d4) Importer(815301076,1909f56bfc062723c751e8b465ee728b)  -> (artifact id: '4e9dc2d159c2e94ed5809c8173a53b22') in 0.400086 seconds 
  Import took 0.481120 seconds .

========================================================================
Received Import Request.
  Time since last request: 0.004137 seconds.
  path: Packages/com.unity.collab-proxy/Editor/Collaborate/Assets/Icons/deleted-file-light@2x.png
  artifactKey: Guid(f1c735dde115d4f4c9ff5c633f07fbb8) Importer(815301076,1909f56bfc062723c751e8b465ee728b)
Start importing Packages/com.unity.collab-proxy/Editor/Collaborate/Assets/Icons/deleted-file-light@2x.png using Guid(f1c735dde115d4f4c9ff5c633f07fbb8) Importer(815301076,1909f56bfc062723c751e8b465ee728b)  -> (artifact id: '615e844ad366027e0cabaf0a7eff4b72') in 0.345302 seconds 
  Import took 0.448129 seconds .

========================================================================
Received Import Request.
  Time since last request: 0.000589 seconds.
  path: Packages/com.unity.collab-proxy/Editor/Collaborate/Assets/Icons/diff-light@2x.png
  artifactKey: Guid(56f45ee382e8dc847bd536ba8de7300b) Importer(815301076,1909f56bfc062723c751e8b465ee728b)
Start importing Packages/com.unity.collab-proxy/Editor/Collaborate/Assets/Icons/diff-light@2x.png using Guid(56f45ee382e8dc847bd536ba8de7300b) Importer(815301076,1909f56bfc062723c751e8b465ee728b)  -> (artifact id: 'c437cbe6098a90e3590e7394c0fcce32') in 0.344614 seconds 
  Import took 0.499723 seconds .

========================================================================
Received Import Request.
  Time since last request: 0.001306 seconds.
  path: Packages/com.unity.render-pipelines.high-definition/Editor/RenderPipelineResources/Texture/DensityVolume.png
  artifactKey: Guid(16796ce96bc102d4d963f22a60a69125) Importer(815301076,1909f56bfc062723c751e8b465ee728b)
Start importing Packages/com.unity.render-pipelines.high-definition/Editor/RenderPipelineResources/Texture/DensityVolume.png using Guid(16796ce96bc102d4d963f22a60a69125) Importer(815301076,1909f56bfc062723c751e8b465ee728b)  -> (artifact id: '277ee2ef3037409458fa99a880169712') in 0.565906 seconds 
  Import took 0.614920 seconds .

========================================================================
Received Import Request.
  Time since last request: 0.002777 seconds.
  path: Packages/com.unity.collab-proxy/Editor/Collaborate/Assets/Icons/deleted-file-light.png
  artifactKey: Guid(bb678af880b2dd74cbd76186590c66da) Importer(815301076,1909f56bfc062723c751e8b465ee728b)
Start importing Packages/com.unity.collab-proxy/Editor/Collaborate/Assets/Icons/deleted-file-light.png using Guid(bb678af880b2dd74cbd76186590c66da) Importer(815301076,1909f56bfc062723c751e8b465ee728b)  -> (artifact id: 'b45b97a456083a86323a9d486c423297') in 0.216837 seconds 
  Import took 0.308797 seconds .

========================================================================
Received Import Request.
  Time since last request: 0.000377 seconds.
  path: Packages/com.unity.render-pipelines.high-definition/Runtime/RenderPipelineResources/Texture/BlueNoise16/L/LDR_LLL1_16.png
  artifactKey: Guid(f242013130364874486ad0854d54b5d9) Importer(815301076,1909f56bfc062723c751e8b465ee728b)
Start importing Packages/com.unity.render-pipelines.high-definition/Runtime/RenderPipelineResources/Texture/BlueNoise16/L/LDR_LLL1_16.png using Guid(f242013130364874486ad0854d54b5d9) Importer(815301076,1909f56bfc062723c751e8b465ee728b)  -> (artifact id: '5de3703ad6519fac4f152582b0f30c48') in 0.268806 seconds 
  Import took 0.314483 seconds .

========================================================================
Received Import Request.
  Time since last request: 0.000906 seconds.
  path: Packages/com.unity.render-pipelines.high-definition/Runtime/RenderPipelineResources/Texture/BlueNoise16/L/LDR_LLL1_13.png
  artifactKey: Guid(c6c47a7f59293a847a8471bb74b9a262) Importer(815301076,1909f56bfc062723c751e8b465ee728b)
Start importing Packages/com.unity.render-pipelines.high-definition/Runtime/RenderPipelineResources/Texture/BlueNoise16/L/LDR_LLL1_13.png using Guid(c6c47a7f59293a847a8471bb74b9a262) Importer(815301076,1909f56bfc062723c751e8b465ee728b)  -> (artifact id: '0be5bf8b9058d72fd92908020d7c43ce') in 0.269531 seconds 
  Import took 0.370714 seconds .

========================================================================
Received Import Request.
  Time since last request: 0.001011 seconds.
  path: Packages/com.unity.render-pipelines.high-definition/Runtime/RenderPipelineResources/Texture/BlueNoise16/L/LDR_LLL1_30.png
  artifactKey: Guid(cb7d595d4b67de146abf1b1f4d45f417) Importer(815301076,1909f56bfc062723c751e8b465ee728b)
Start importing Packages/com.unity.render-pipelines.high-definition/Runtime/RenderPipelineResources/Texture/BlueNoise16/L/LDR_LLL1_30.png using Guid(cb7d595d4b67de146abf1b1f4d45f417) Importer(815301076,1909f56bfc062723c751e8b465ee728b)  -> (artifact id: '150c67bea3de46ca57ff6ae988ac8d13') in 0.159226 seconds 
  Import took 0.230421 seconds .

========================================================================
Received Import Request.
  Time since last request: 0.029495 seconds.
  path: Packages/com.unity.render-pipelines.high-definition/Runtime/RenderPipelineResources/Texture/BlueNoise16/L/LDR_LLL1_24.png
  artifactKey: Guid(08e7f74e876f85247ad1104f35322e19) Importer(815301076,1909f56bfc062723c751e8b465ee728b)
Start importing Packages/com.unity.render-pipelines.high-definition/Runtime/RenderPipelineResources/Texture/BlueNoise16/L/LDR_LLL1_24.png using Guid(08e7f74e876f85247ad1104f35322e19) Importer(815301076,1909f56bfc062723c751e8b465ee728b)  -> (artifact id: 'eb7041ca6abcec03bce7037c48875472') in 0.270062 seconds 
  Import took 0.332710 seconds .

========================================================================
Received Import Request.
  Time since last request: 0.000432 seconds.
  path: Packages/com.unity.render-pipelines.high-definition/Runtime/RenderPipelineResources/Texture/BlueNoise16/L/LDR_LLL1_28.png
  artifactKey: Guid(4ba6dd9a348fff64aba90f736da533bd) Importer(815301076,1909f56bfc062723c751e8b465ee728b)
Start importing Packages/com.unity.render-pipelines.high-definition/Runtime/RenderPipelineResources/Texture/BlueNoise16/L/LDR_LLL1_28.png using Guid(4ba6dd9a348fff64aba90f736da533bd) Importer(815301076,1909f56bfc062723c751e8b465ee728b)  -> (artifact id: '02a77a869a1392d6e6e53a9c58b02779') in 0.237666 seconds 
  Import took 0.310348 seconds .

========================================================================
Received Import Request.
  Time since last request: 0.000849 seconds.
  path: Packages/com.unity.render-pipelines.high-definition/Runtime/RenderPipelineResources/Texture/BlueNoise16/L/LDR_LLL1_20.png
  artifactKey: Guid(f8c387db83f623d4c875b355974b1398) Importer(815301076,1909f56bfc062723c751e8b465ee728b)
Start importing Packages/com.unity.render-pipelines.high-definition/Runtime/RenderPipelineResources/Texture/BlueNoise16/L/LDR_LLL1_20.png using Guid(f8c387db83f623d4c875b355974b1398) Importer(815301076,1909f56bfc062723c751e8b465ee728b)  -> (artifact id: 'c03f760caa9ce202fc876afbe6b2cf20') in 0.287111 seconds 
  Import took 0.339750 seconds .

========================================================================
Received Import Request.
  Time since last request: 0.001022 seconds.
  path: Packages/com.unity.render-pipelines.high-definition/Runtime/RenderPipelineResources/Texture/BlueNoise16/L/LDR_LLL1_18.png
  artifactKey: Guid(6f6e861d2ff8cd641b424245a18393a0) Importer(815301076,1909f56bfc062723c751e8b465ee728b)
Start importing Packages/com.unity.render-pipelines.high-definition/Runtime/RenderPipelineResources/Texture/BlueNoise16/L/LDR_LLL1_18.png using Guid(6f6e861d2ff8cd641b424245a18393a0) Importer(815301076,1909f56bfc062723c751e8b465ee728b)  -> (artifact id: 'afa602484ed693731dae8b4154daca5a') in 0.309726 seconds 
  Import took 0.864129 seconds .

========================================================================
Received Import Request.
  Time since last request: 0.000456 seconds.
  path: Packages/com.unity.render-pipelines.high-definition/Runtime/RenderPipelineResources/Texture/BlueNoise16/L/LDR_LLL1_27.png
  artifactKey: Guid(4cf893d4f07705d40a404330fb6694d5) Importer(815301076,1909f56bfc062723c751e8b465ee728b)
Start importing Packages/com.unity.render-pipelines.high-definition/Runtime/RenderPipelineResources/Texture/BlueNoise16/L/LDR_LLL1_27.png using Guid(4cf893d4f07705d40a404330fb6694d5) Importer(815301076,1909f56bfc062723c751e8b465ee728b)  -> (artifact id: '3e180acc947db087716eef4517f9fe94') in 0.306431 seconds 
  Import took 0.348237 seconds .

========================================================================
Received Import Request.
  Time since last request: 0.000357 seconds.
  path: Packages/com.unity.render-pipelines.high-definition/Runtime/RenderPipelineResources/Texture/BlueNoise16/L/LDR_LLL1_22.png
  artifactKey: Guid(98de916e94bbf4541981fe7c1bd7008f) Importer(815301076,1909f56bfc062723c751e8b465ee728b)
Start importing Packages/com.unity.render-pipelines.high-definition/Runtime/RenderPipelineResources/Texture/BlueNoise16/L/LDR_LLL1_22.png using Guid(98de916e94bbf4541981fe7c1bd7008f) Importer(815301076,1909f56bfc062723c751e8b465ee728b)  -> (artifact id: '1abb3b01cf9ee842c21575ae76bc2fc0') in 0.280394 seconds 
  Import took 0.299466 seconds .

========================================================================
Received Import Request.
  Time since last request: 0.030708 seconds.
  path: Packages/com.unity.render-pipelines.high-definition/Runtime/RenderPipelineResources/Texture/BlueNoise16/L/LDR_LLL1_23.png
  artifactKey: Guid(e013b0f34384ea242b2366eafe8d66b4) Importer(815301076,1909f56bfc062723c751e8b465ee728b)
Start importing Packages/com.unity.render-pipelines.high-definition/Runtime/RenderPipelineResources/Texture/BlueNoise16/L/LDR_LLL1_23.png using Guid(e013b0f34384ea242b2366eafe8d66b4) Importer(815301076,1909f56bfc062723c751e8b465ee728b)  -> (artifact id: 'b844481f2ed90b7618d16878536597dc') in 0.259675 seconds 
  Import took 0.291490 seconds .

========================================================================
Received Import Request.
  Time since last request: 0.001299 seconds.
  path: Packages/com.unity.render-pipelines.high-definition/Runtime/RenderPipelineResources/Texture/DefaultHDRISky.exr
  artifactKey: Guid(8253d41e6e8b11a4cbe77a4f8f82934d) Importer(815301076,1909f56bfc062723c751e8b465ee728b)
Start importing Packages/com.unity.render-pipelines.high-definition/Runtime/RenderPipelineResources/Texture/DefaultHDRISky.exr using Guid(8253d41e6e8b11a4cbe77a4f8f82934d) Importer(815301076,1909f56bfc062723c751e8b465ee728b)  -> (artifact id: '11b47c2351593a468fc360387c14e275') in 0.439071 seconds 
  Import took 0.480905 seconds .

========================================================================
Received Import Request.
  Time since last request: 0.005535 seconds.
  path: Packages/com.unity.render-pipelines.high-definition/Runtime/RenderPipelineResources/Texture/BlueNoise16/L/LDR_LLL1_25.png
  artifactKey: Guid(eaed38d1a2336e14b8fd351f65d3eddb) Importer(815301076,1909f56bfc062723c751e8b465ee728b)
Start importing Packages/com.unity.render-pipelines.high-definition/Runtime/RenderPipelineResources/Texture/BlueNoise16/L/LDR_LLL1_25.png using Guid(eaed38d1a2336e14b8fd351f65d3eddb) Importer(815301076,1909f56bfc062723c751e8b465ee728b)  -> (artifact id: '3cd5299ad2a47a65c23fca07480ca307') in 0.209712 seconds 
  Import took 0.362484 seconds .

========================================================================
Received Import Request.
  Time since last request: 0.000623 seconds.
  path: Packages/com.unity.render-pipelines.high-definition/Runtime/RenderPipelineResources/Texture/BlueNoise16/L/LDR_LLL1_17.png
  artifactKey: Guid(5e40f3339a0a5be4ea4442562c53575a) Importer(815301076,1909f56bfc062723c751e8b465ee728b)
Start importing Packages/com.unity.render-pipelines.high-definition/Runtime/RenderPipelineResources/Texture/BlueNoise16/L/LDR_LLL1_17.png using Guid(5e40f3339a0a5be4ea4442562c53575a) Importer(815301076,1909f56bfc062723c751e8b465ee728b)  -> (artifact id: '7db1d18feecc6e5563297cbda7c36857') in 1.093175 seconds 
  Import took 1.136636 seconds .

========================================================================
Received Import Request.
  Time since last request: 0.012090 seconds.
  path: Packages/com.unity.render-pipelines.high-definition/Runtime/RenderPipelineResources/Texture/BlueNoise16/L/LDR_LLL1_29.png
  artifactKey: Guid(faedd3bf25384dc47b38a94a658e19fc) Importer(815301076,1909f56bfc062723c751e8b465ee728b)
Start importing Packages/com.unity.render-pipelines.high-definition/Runtime/RenderPipelineResources/Texture/BlueNoise16/L/LDR_LLL1_29.png using Guid(faedd3bf25384dc47b38a94a658e19fc) Importer(815301076,1909f56bfc062723c751e8b465ee728b)  -> (artifact id: '13870d841d58c98efbd948e9c1d2f71b') in 0.125568 seconds 
  Import took 0.158934 seconds .

========================================================================
Received Import Request.
  Time since last request: 0.000386 seconds.
  path: Packages/com.unity.render-pipelines.high-definition/Runtime/RenderPipelineResources/Texture/BlueNoise16/L/LDR_LLL1_21.png
  artifactKey: Guid(ba5d54ee870713c41a40c8435ad4fdea) Importer(815301076,1909f56bfc062723c751e8b465ee728b)
Start importing Packages/com.unity.render-pipelines.high-definition/Runtime/RenderPipelineResources/Texture/BlueNoise16/L/LDR_LLL1_21.png using Guid(ba5d54ee870713c41a40c8435ad4fdea) Importer(815301076,1909f56bfc062723c751e8b465ee728b)  -> (artifact id: '067f01752d68ec5eccec3b24f5549409') in 0.175288 seconds 
  Import took 0.196055 seconds .

========================================================================
Received Import Request.
  Time since last request: 0.000493 seconds.
  path: Packages/com.unity.visualeffectgraph/Textures/Noise.tga
  artifactKey: Guid(1d8481de16af723418a688958c41224b) Importer(815301076,1909f56bfc062723c751e8b465ee728b)
Start importing Packages/com.unity.visualeffectgraph/Textures/Noise.tga using Guid(1d8481de16af723418a688958c41224b) Importer(815301076,1909f56bfc062723c751e8b465ee728b)  -> (artifact id: '01cae3621e40d1c2dd8e887a0789340c') in 0.041075 seconds 
  Import took 0.055687 seconds .

========================================================================
Received Import Request.
  Time since last request: 0.000354 seconds.
  path: Packages/com.unity.render-pipelines.high-definition/Runtime/RenderPipelineResources/Texture/BlueNoise16/L/LDR_LLL1_15.png
  artifactKey: Guid(b987ab952dc89bc439eebfaf7b977f51) Importer(815301076,1909f56bfc062723c751e8b465ee728b)
Start importing Packages/com.unity.render-pipelines.high-definition/Runtime/RenderPipelineResources/Texture/BlueNoise16/L/LDR_LLL1_15.png using Guid(b987ab952dc89bc439eebfaf7b977f51) Importer(815301076,1909f56bfc062723c751e8b465ee728b)  -> (artifact id: '7ce99c6e344b9adf572938406da02f60') in 0.106434 seconds 
  Import took 0.132632 seconds .

========================================================================
Received Import Request.
  Time since last request: 0.000483 seconds.
  path: Packages/com.unity.visualeffectgraph/Textures/SimpleSmoke.tga
  artifactKey: Guid(de0fae515169ff246a20d58a8a440ed0) Importer(815301076,1909f56bfc062723c751e8b465ee728b)
Start importing Packages/com.unity.visualeffectgraph/Textures/SimpleSmoke.tga using Guid(de0fae515169ff246a20d58a8a440ed0) Importer(815301076,1909f56bfc062723c751e8b465ee728b)  -> (artifact id: '52c3d2b9eb93e9f0144a2903b93432b1') in 0.170962 seconds 
  Import took 0.313628 seconds .

========================================================================
Received Import Request.
  Time since last request: 0.000482 seconds.
  path: Packages/com.unity.collab-proxy/Editor/Collaborate/Assets/Icons/diff-light.png
  artifactKey: Guid(f4d24f788ff8ef0448d273529dc5d9a0) Importer(815301076,1909f56bfc062723c751e8b465ee728b)
Start importing Packages/com.unity.collab-proxy/Editor/Collaborate/Assets/Icons/diff-light.png using Guid(f4d24f788ff8ef0448d273529dc5d9a0) Importer(815301076,1909f56bfc062723c751e8b465ee728b)  -> (artifact id: '80ee3fbd7556cedadfcee4fd331fc79c') in 0.114723 seconds 
  Import took 0.141145 seconds .

========================================================================
Received Import Request.
  Time since last request: 0.000421 seconds.
  path: Packages/com.unity.render-pipelines.high-definition/Runtime/RenderPipelineResources/Texture/BlueNoise16/L/LDR_LLL1_19.png
  artifactKey: Guid(96b4b7db9e972c54db03d280a7924fb8) Importer(815301076,1909f56bfc062723c751e8b465ee728b)
Start importing Packages/com.unity.render-pipelines.high-definition/Runtime/RenderPipelineResources/Texture/BlueNoise16/L/LDR_LLL1_19.png using Guid(96b4b7db9e972c54db03d280a7924fb8) Importer(815301076,1909f56bfc062723c751e8b465ee728b)  -> (artifact id: '669581703aca84a10ff12864867f3d66') in 0.271986 seconds 
  Import took 0.315415 seconds .

========================================================================
Received Import Request.
  Time since last request: 0.002575 seconds.
  path: Packages/com.unity.render-pipelines.high-definition/Editor/RenderPipelineResources/Texture/LightUnitIcons/DecorativeLight.png
  artifactKey: Guid(1e2ae1a12a2a1ff498cab6444b9cd394) Importer(815301076,1909f56bfc062723c751e8b465ee728b)
Start importing Packages/com.unity.render-pipelines.high-definition/Editor/RenderPipelineResources/Texture/LightUnitIcons/DecorativeLight.png using Guid(1e2ae1a12a2a1ff498cab6444b9cd394) Importer(815301076,1909f56bfc062723c751e8b465ee728b)  -> (artifact id: 'ff579c5d495331b6507a1f62ba563fc0') in 0.343512 seconds 
  Import took 0.366999 seconds .

========================================================================
Received Import Request.
  Time since last request: 0.000370 seconds.
  path: Packages/com.unity.render-pipelines.high-definition/Runtime/RenderPipelineResources/Texture/BlueNoise16/L/LDR_LLL1_14.png
  artifactKey: Guid(55e474b0d2c992240aed7e3bcbebb78a) Importer(815301076,1909f56bfc062723c751e8b465ee728b)
Start importing Packages/com.unity.render-pipelines.high-definition/Runtime/RenderPipelineResources/Texture/BlueNoise16/L/LDR_LLL1_14.png using Guid(55e474b0d2c992240aed7e3bcbebb78a) Importer(815301076,1909f56bfc062723c751e8b465ee728b)  -> (artifact id: '5bf46f02d4ebc238b9a3510b49bfa60f') in 0.103126 seconds 
  Import took 0.120223 seconds .

========================================================================
Received Import Request.
  Time since last request: 0.000377 seconds.
  path: Assets/SampleSceneAssets/Textures/General/DecalWear_MOADS.tga
  artifactKey: Guid(942df54ea42430e408b2ce7e74794686) Importer(815301076,1909f56bfc062723c751e8b465ee728b)
Start importing Assets/SampleSceneAssets/Textures/General/DecalWear_MOADS.tga using Guid(942df54ea42430e408b2ce7e74794686) Importer(815301076,1909f56bfc062723c751e8b465ee728b)  -> (artifact id: '69da5c7204afd881c8f06da84e972292') in 0.431868 seconds 
  Import took 0.454516 seconds .

========================================================================
Received Import Request.
  Time since last request: 0.000408 seconds.
  path: Packages/com.unity.render-pipelines.high-definition/Runtime/RenderPipelineResources/Texture/BlueNoise16/L/LDR_LLL1_26.png
  artifactKey: Guid(9b47ce76307ef714d9c08f1f7d37a173) Importer(815301076,1909f56bfc062723c751e8b465ee728b)
Start importing Packages/com.unity.render-pipelines.high-definition/Runtime/RenderPipelineResources/Texture/BlueNoise16/L/LDR_LLL1_26.png using Guid(9b47ce76307ef714d9c08f1f7d37a173) Importer(815301076,1909f56bfc062723c751e8b465ee728b)  -> (artifact id: 'cf989fb5ef13ec066095e4f26e2ece36') in 0.198511 seconds 
  Import took 0.285844 seconds .

========================================================================
Received Import Request.
  Time since last request: 0.000496 seconds.
  path: Packages/com.unity.render-pipelines.high-definition/Runtime/RenderPipelineResources/Material/DefaultSkybox.exr
  artifactKey: Guid(a615f6de0224d55408b4e74da3b0bac0) Importer(815301076,1909f56bfc062723c751e8b465ee728b)
Start importing Packages/com.unity.render-pipelines.high-definition/Runtime/RenderPipelineResources/Material/DefaultSkybox.exr using Guid(a615f6de0224d55408b4e74da3b0bac0) Importer(815301076,1909f56bfc062723c751e8b465ee728b)  -> (artifact id: '1d1587c1dba1d7a510c6d1428c6385bd') in 0.270168 seconds 
  Import took 0.333822 seconds .

========================================================================
Received Import Request.
  Time since last request: 0.000588 seconds.
  path: Packages/com.unity.render-pipelines.high-definition/Runtime/RenderPipelineResources/Texture/BlueNoise16/L/LDR_LLL1_31.png
  artifactKey: Guid(a836cbb14cfefd54a8b9ca37d6aadde6) Importer(815301076,1909f56bfc062723c751e8b465ee728b)
Start importing Packages/com.unity.render-pipelines.high-definition/Runtime/RenderPipelineResources/Texture/BlueNoise16/L/LDR_LLL1_31.png using Guid(a836cbb14cfefd54a8b9ca37d6aadde6) Importer(815301076,1909f56bfc062723c751e8b465ee728b)  -> (artifact id: '56016c686041a913e56cc51a0c53b625') in 0.284564 seconds 
  Import took 0.362270 seconds .

========================================================================
Received Import Request.
  Time since last request: 1780.443965 seconds.
  path: Packages/com.unity.inputsystem/package.json
  artifactKey: Guid(f0e14ea80f96b445f97b1c83650d5733) Importer(815301076,1909f56bfc062723c751e8b465ee728b)
Start importing Packages/com.unity.inputsystem/package.json using Guid(f0e14ea80f96b445f97b1c83650d5733) Importer(815301076,1909f56bfc062723c751e8b465ee728b)  -> (artifact id: '366a7815ad2e34cbd234c47e3342744a') in 0.090952 seconds 
  Import took 0.145541 seconds .

========================================================================
Received Import Request.
  Time since last request: 1.931668 seconds.
  path: Packages/com.unity.render-pipelines.high-definition-config/package.json
  artifactKey: Guid(af6e0e6bb9a468845bfb9c9381e3219b) Importer(815301076,1909f56bfc062723c751e8b465ee728b)
Start importing Packages/com.unity.render-pipelines.high-definition-config/package.json using Guid(af6e0e6bb9a468845bfb9c9381e3219b) Importer(815301076,1909f56bfc062723c751e8b465ee728b)  -> (artifact id: '9dfbccb2f622af5bc6fcb50a86a07c60') in 0.099891 seconds 
  Import took 0.173145 seconds .

========================================================================
Received Import Request.
  Time since last request: 1708.208917 seconds.
  path: Assets/Firework2.vfx
  artifactKey: Guid(c139a182302823d418c8d22a020bc651) Importer(815301076,1909f56bfc062723c751e8b465ee728b)
Start importing Assets/Firework2.vfx using Guid(c139a182302823d418c8d22a020bc651) Importer(815301076,1909f56bfc062723c751e8b465ee728b)  -> (artifact id: 'd5725201b790207034616a247512566c') in 0.134713 seconds 
  Import took 0.297224 seconds .

========================================================================
Received Import Request.
  Time since last request: 0.039523 seconds.
  path: Assets/Firework2.vfx
  artifactKey: Guid(c139a182302823d418c8d22a020bc651) Importer(815301076,1909f56bfc062723c751e8b465ee728b)
Start importing Assets/Firework2.vfx using Guid(c139a182302823d418c8d22a020bc651) Importer(815301076,1909f56bfc062723c751e8b465ee728b)  -> (artifact id: 'd5725201b790207034616a247512566c') in 0.023366 seconds 
  Import took 0.146065 seconds .

========================================================================
Received Import Request.
  Time since last request: 4.805705 seconds.
  path: Assets/SampleSceneAssets/Textures/General/WoodCounter_Normal.png
  artifactKey: Guid(99e593ed56a446441b8541d817103e72) Importer(815301076,1909f56bfc062723c751e8b465ee728b)
Start importing Assets/SampleSceneAssets/Textures/General/WoodCounter_Normal.png using Guid(99e593ed56a446441b8541d817103e72) Importer(815301076,1909f56bfc062723c751e8b465ee728b)  -> (artifact id: '731fd56b422a213a7cf67756eea83168') in 0.557787 seconds 
  Import took 0.736511 seconds .

========================================================================
Received Import Request.
  Time since last request: 0.000423 seconds.
  path: Assets/SampleSceneAssets/Textures/General/WoodLight_Albedo.png
  artifactKey: Guid(2c8323241f237fa408e40b18b68f5c1b) Importer(815301076,1909f56bfc062723c751e8b465ee728b)
Start importing Assets/SampleSceneAssets/Textures/General/WoodLight_Albedo.png using Guid(2c8323241f237fa408e40b18b68f5c1b) Importer(815301076,1909f56bfc062723c751e8b465ee728b)  -> (artifact id: 'f4f7aa59d5005f900c864be5ba70add3') in 0.273215 seconds 
  Import took 0.345850 seconds .

========================================================================
Received Import Request.
  Time since last request: 0.000445 seconds.
  path: Assets/SampleSceneAssets/Textures/General/WoodLight_DetailMap.png
  artifactKey: Guid(903a1b0a71996484683b058c393d95d5) Importer(815301076,1909f56bfc062723c751e8b465ee728b)
Start importing Assets/SampleSceneAssets/Textures/General/WoodLight_DetailMap.png using Guid(903a1b0a71996484683b058c393d95d5) Importer(815301076,1909f56bfc062723c751e8b465ee728b)  -> (artifact id: '70c1d0f19055da56e0ef4b4a4f124edc') in 0.260017 seconds 
  Import took 0.401997 seconds .

========================================================================
Received Import Request.
  Time since last request: 0.000379 seconds.
  path: Assets/SampleSceneAssets/Textures/General/WoodLight_Normal.png
  artifactKey: Guid(96c8cb799a1a9db49ac4ced89b731203) Importer(815301076,1909f56bfc062723c751e8b465ee728b)
Start importing Assets/SampleSceneAssets/Textures/General/WoodLight_Normal.png using Guid(96c8cb799a1a9db49ac4ced89b731203) Importer(815301076,1909f56bfc062723c751e8b465ee728b)  -> (artifact id: '1a222fbb676a6fe80537bf357563ab8b') in 0.098276 seconds 
  Import took 0.131846 seconds .

========================================================================
Received Import Request.
  Time since last request: 0.000320 seconds.
  path: Assets/SampleSceneAssets/Textures/General/WoodLight_MAODS.png
  artifactKey: Guid(449fd0ed8fda67d468503693b3849926) Importer(815301076,1909f56bfc062723c751e8b465ee728b)
Start importing Assets/SampleSceneAssets/Textures/General/WoodLight_MAODS.png using Guid(449fd0ed8fda67d468503693b3849926) Importer(815301076,1909f56bfc062723c751e8b465ee728b)  -> (artifact id: '4d133a0bcba2fc21b068012cc601732b') in 0.264333 seconds 
  Import took 0.352164 seconds .

========================================================================
Received Import Request.
  Time since last request: 0.405089 seconds.
  path: Assets/SampleSceneAssets/Textures/LightCookie/SpotLight_Cookie.png
  artifactKey: Guid(c3097fbf5286afe4692f9d336db11daa) Importer(815301076,1909f56bfc062723c751e8b465ee728b)
Start importing Assets/SampleSceneAssets/Textures/LightCookie/SpotLight_Cookie.png using Guid(c3097fbf5286afe4692f9d336db11daa) Importer(815301076,1909f56bfc062723c751e8b465ee728b)  -> (artifact id: 'da3efd75e2e7210d2f12877f55d828c1') in 0.164202 seconds 
  Import took 0.207048 seconds .

========================================================================
Received Import Request.
  Time since last request: 0.000511 seconds.
  path: Assets/SampleSceneAssets/Textures/General/WoodCounter_Albedo.png
  artifactKey: Guid(8bd5849ed8ed1634d988797456486876) Importer(815301076,1909f56bfc062723c751e8b465ee728b)
Start importing Assets/SampleSceneAssets/Textures/General/WoodCounter_Albedo.png using Guid(8bd5849ed8ed1634d988797456486876) Importer(815301076,1909f56bfc062723c751e8b465ee728b)  -> (artifact id: '599737985d109a5293c3e5a6510fe2d1') in 0.238890 seconds 
  Import took 0.317697 seconds .

========================================================================
Received Import Request.
  Time since last request: 0.000501 seconds.
  path: Assets/SampleSceneAssets/Textures/General/WoodCounter_MAODS.png
  artifactKey: Guid(1b0247db106835147a9d26955fe0fdbb) Importer(815301076,1909f56bfc062723c751e8b465ee728b)
Start importing Assets/SampleSceneAssets/Textures/General/WoodCounter_MAODS.png using Guid(1b0247db106835147a9d26955fe0fdbb) Importer(815301076,1909f56bfc062723c751e8b465ee728b)  -> (artifact id: '370ddee2a2805fcfadb51aaed7f63a5f') in 0.205995 seconds 
  Import took 0.303416 seconds .

========================================================================
Received Import Request.
  Time since last request: 0.000432 seconds.
  path: Assets/SampleSceneAssets/Textures/General/SandblastMetal_Normal.png
  artifactKey: Guid(f72f5d97ed737e64fb0b173d21dd227a) Importer(815301076,1909f56bfc062723c751e8b465ee728b)
Start importing Assets/SampleSceneAssets/Textures/General/SandblastMetal_Normal.png using Guid(f72f5d97ed737e64fb0b173d21dd227a) Importer(815301076,1909f56bfc062723c751e8b465ee728b)  -> (artifact id: '7f18703df5e79c577ad3e5ae3769b094') in 0.259777 seconds 
  Import took 0.319410 seconds .

========================================================================
Received Import Request.
  Time since last request: 0.000394 seconds.
  path: Assets/SampleSceneAssets/Textures/General/Rubber_N.png
  artifactKey: Guid(8bd4e7ade2fb9b44b9271f1a6e5056c8) Importer(815301076,1909f56bfc062723c751e8b465ee728b)
Start importing Assets/SampleSceneAssets/Textures/General/Rubber_N.png using Guid(8bd4e7ade2fb9b44b9271f1a6e5056c8) Importer(815301076,1909f56bfc062723c751e8b465ee728b)  -> (artifact id: 'b70af2a9a6c646b158001482bd243a8b') in 0.352009 seconds 
  Import took 0.440283 seconds .

========================================================================
Received Import Request.
  Time since last request: 0.000322 seconds.
  path: Assets/SampleSceneAssets/Textures/General/Rubber_M.png
  artifactKey: Guid(7343846adadc0074599d820ce4b23796) Importer(815301076,1909f56bfc062723c751e8b465ee728b)
Start importing Assets/SampleSceneAssets/Textures/General/Rubber_M.png using Guid(7343846adadc0074599d820ce4b23796) Importer(815301076,1909f56bfc062723c751e8b465ee728b)  -> (artifact id: '03a44f52a0c415f2947f0b579193cea5') in 0.242278 seconds 
  Import took 0.303289 seconds .

========================================================================
Received Import Request.
  Time since last request: 1.642700 seconds.
  path: Assets/SampleSceneAssets/Textures/General/Rock_A_MaskMap.png
  artifactKey: Guid(baca794092305174e9d24bc5dd89d24d) Importer(815301076,1909f56bfc062723c751e8b465ee728b)
Start importing Assets/SampleSceneAssets/Textures/General/Rock_A_MaskMap.png using Guid(baca794092305174e9d24bc5dd89d24d) Importer(815301076,1909f56bfc062723c751e8b465ee728b)  -> (artifact id: '7f2f70141d0dcaa1158e4a3452d9acf9') in 0.171193 seconds 
  Import took 0.248186 seconds .

========================================================================
Received Import Request.
  Time since last request: 0.000188 seconds.
  path: Assets/Scenes/SampleScene/ReflectionProbe-17.exr
  artifactKey: Guid(dbcc65bcafce7e043ac894a6ee6114a2) Importer(815301076,1909f56bfc062723c751e8b465ee728b)
Start importing Assets/Scenes/SampleScene/ReflectionProbe-17.exr using Guid(dbcc65bcafce7e043ac894a6ee6114a2) Importer(815301076,1909f56bfc062723c751e8b465ee728b)  -> (artifact id: 'a7ea7917f4ad2b308d883c05adac18f1') in 0.448558 seconds 
  Import took 0.498792 seconds .

========================================================================
Received Import Request.
  Time since last request: 0.000315 seconds.
  path: Assets/Scenes/SampleScene/ReflectionProbe-16.exr
  artifactKey: Guid(88fccc25d08980c48afb6996a4818e81) Importer(815301076,1909f56bfc062723c751e8b465ee728b)
Start importing Assets/Scenes/SampleScene/ReflectionProbe-16.exr using Guid(88fccc25d08980c48afb6996a4818e81) Importer(815301076,1909f56bfc062723c751e8b465ee728b)  -> (artifact id: '271ae82a98ae07770f4ca7cf9129aac5') in 0.590325 seconds 
  Import took 0.621423 seconds .

========================================================================
Received Import Request.
  Time since last request: 0.000329 seconds.
  path: Assets/SampleSceneAssets/Textures/General/Rock_A_Albedo.png
  artifactKey: Guid(14a258bdd0518e741bbf5798e65c5e5a) Importer(815301076,1909f56bfc062723c751e8b465ee728b)
Start importing Assets/SampleSceneAssets/Textures/General/Rock_A_Albedo.png using Guid(14a258bdd0518e741bbf5798e65c5e5a) Importer(815301076,1909f56bfc062723c751e8b465ee728b)  -> (artifact id: '5ccb7bf9aa14a36e2335fcab537cb0f4') in 0.303176 seconds 
  Import took 0.474976 seconds .

========================================================================
Received Import Request.
  Time since last request: 0.000636 seconds.
  path: Assets/SampleSceneAssets/Textures/General/Rubber_BC.png
  artifactKey: Guid(6d9beadd74e02964c8cb5b19a3f3ea41) Importer(815301076,1909f56bfc062723c751e8b465ee728b)
Start importing Assets/SampleSceneAssets/Textures/General/Rubber_BC.png using Guid(6d9beadd74e02964c8cb5b19a3f3ea41) Importer(815301076,1909f56bfc062723c751e8b465ee728b)  -> (artifact id: '1a06a962e7bb313e8d07841775643d63') in 0.238389 seconds 
  Import took 0.412425 seconds .

========================================================================
Received Import Request.
  Time since last request: 0.000668 seconds.
  path: Assets/SampleSceneAssets/Textures/General/Rock_A_Normal.png
  artifactKey: Guid(060f44f7b9fa42e4aa07ac67c8c94b34) Importer(815301076,1909f56bfc062723c751e8b465ee728b)
Start importing Assets/SampleSceneAssets/Textures/General/Rock_A_Normal.png using Guid(060f44f7b9fa42e4aa07ac67c8c94b34) Importer(815301076,1909f56bfc062723c751e8b465ee728b)  -> (artifact id: '12b08f2390a9a1c0fd5eee08b17e5694') in 0.321353 seconds 
  Import took 0.382434 seconds .

========================================================================
Received Import Request.
  Time since last request: 18.180914 seconds.
  path: Assets/Scenes/SampleScene/ReflectionProbe-13.exr
  artifactKey: Guid(5b4b9c42474fea44ea71f98dbbbf883a) Importer(815301076,1909f56bfc062723c751e8b465ee728b)
Start importing Assets/Scenes/SampleScene/ReflectionProbe-13.exr using Guid(5b4b9c42474fea44ea71f98dbbbf883a) Importer(815301076,1909f56bfc062723c751e8b465ee728b)  -> (artifact id: 'ab0e24d52e6da786c01fbe189881ba41') in 0.465960 seconds 
  Import took 0.801184 seconds .

========================================================================
Received Import Request.
  Time since last request: 0.000526 seconds.
  path: Assets/Scenes/SampleScene/ReflectionProbe-15.exr
  artifactKey: Guid(d618aadf2e4bb7f4980187df5bb35a33) Importer(815301076,1909f56bfc062723c751e8b465ee728b)
Start importing Assets/Scenes/SampleScene/ReflectionProbe-15.exr using Guid(d618aadf2e4bb7f4980187df5bb35a33) Importer(815301076,1909f56bfc062723c751e8b465ee728b)  -> (artifact id: 'eca23082423089c1fb0dcb85cda38834') in 0.747242 seconds 
  Import took 0.778452 seconds .

========================================================================
Received Import Request.
  Time since last request: 0.000398 seconds.
  path: Assets/Scenes/SampleScene/ReflectionProbe-14.exr
  artifactKey: Guid(ca4b1069cf1d52643a18ad7e7c7d0397) Importer(815301076,1909f56bfc062723c751e8b465ee728b)
Start importing Assets/Scenes/SampleScene/ReflectionProbe-14.exr using Guid(ca4b1069cf1d52643a18ad7e7c7d0397) Importer(815301076,1909f56bfc062723c751e8b465ee728b)  -> (artifact id: '64c295cd62f42cca3f7be5d683430dec') in 0.275053 seconds 
  Import took 0.363517 seconds .

========================================================================
Received Import Request.
  Time since last request: 0.000350 seconds.
  path: Assets/Scenes/SampleScene/ReflectionProbe-11.exr
  artifactKey: Guid(1b5727504ffe4b247b09ed4502ffc116) Importer(815301076,1909f56bfc062723c751e8b465ee728b)
Start importing Assets/Scenes/SampleScene/ReflectionProbe-11.exr using Guid(1b5727504ffe4b247b09ed4502ffc116) Importer(815301076,1909f56bfc062723c751e8b465ee728b)  -> (artifact id: 'c9a11b38e75a93184b18329e8b4c8321') in 0.378413 seconds 
  Import took 0.427565 seconds .

========================================================================
Received Import Request.
  Time since last request: 0.000354 seconds.
  path: Assets/Scenes/SampleScene/ReflectionProbe-7.exr
  artifactKey: Guid(db9a1847f2c6ae34c9ec4947ce906bc9) Importer(815301076,1909f56bfc062723c751e8b465ee728b)
Start importing Assets/Scenes/SampleScene/ReflectionProbe-7.exr using Guid(db9a1847f2c6ae34c9ec4947ce906bc9) Importer(815301076,1909f56bfc062723c751e8b465ee728b)  -> (artifact id: '6cb502a217f72578d96aaca4c9b2c260') in 0.347513 seconds 
  Import took 0.367735 seconds .

========================================================================
Received Import Request.
  Time since last request: 0.000305 seconds.
  path: Assets/Scenes/SampleScene/ReflectionProbe-10.exr
  artifactKey: Guid(0b0c990f63a874c4fbeadb86375b8fc8) Importer(815301076,1909f56bfc062723c751e8b465ee728b)
Start importing Assets/Scenes/SampleScene/ReflectionProbe-10.exr using Guid(0b0c990f63a874c4fbeadb86375b8fc8) Importer(815301076,1909f56bfc062723c751e8b465ee728b)  -> (artifact id: '0155aa4f6e293f976816d83e9cf24858') in 0.473761 seconds 
  Import took 0.512093 seconds .

========================================================================
Received Import Request.
  Time since last request: 0.000812 seconds.
  path: Assets/Scenes/SampleScene/ReflectionProbe-8.exr
  artifactKey: Guid(7f20f555bfbdcaa46a2cc1e0075120a5) Importer(815301076,1909f56bfc062723c751e8b465ee728b)
Start importing Assets/Scenes/SampleScene/ReflectionProbe-8.exr using Guid(7f20f555bfbdcaa46a2cc1e0075120a5) Importer(815301076,1909f56bfc062723c751e8b465ee728b)  -> (artifact id: 'c8a484282e0fc9c6c2b0b7305451d20d') in 0.654265 seconds 
  Import took 0.684977 seconds .

========================================================================
Received Import Request.
  Time since last request: 0.000441 seconds.
  path: Assets/Scenes/SampleScene/ReflectionProbe-12.exr
  artifactKey: Guid(8481e7bae45102c41afa57230dceda46) Importer(815301076,1909f56bfc062723c751e8b465ee728b)
Start importing Assets/Scenes/SampleScene/ReflectionProbe-12.exr using Guid(8481e7bae45102c41afa57230dceda46) Importer(815301076,1909f56bfc062723c751e8b465ee728b)  -> (artifact id: '49206b03fc9fb46e4b7c815ba5167894') in 0.461193 seconds 
  Import took 0.576014 seconds .

========================================================================
Received Import Request.
  Time since last request: 0.000611 seconds.
  path: Assets/Scenes/SampleScene/ReflectionProbe-9.exr
  artifactKey: Guid(f0e7f0a8b752e40488ce09f05f1ac2f2) Importer(815301076,1909f56bfc062723c751e8b465ee728b)
Start importing Assets/Scenes/SampleScene/ReflectionProbe-9.exr using Guid(f0e7f0a8b752e40488ce09f05f1ac2f2) Importer(815301076,1909f56bfc062723c751e8b465ee728b)  -> (artifact id: '4b84c74e21ebe4a6a717c6d65137ce87') in 0.462819 seconds 
  Import took 0.537814 seconds .

========================================================================
Received Import Request.
  Time since last request: 0.037221 seconds.
  path: Assets/Scenes/SampleScene/ReflectionProbe-9.exr
  artifactKey: Guid(f0e7f0a8b752e40488ce09f05f1ac2f2) Importer(815301076,1909f56bfc062723c751e8b465ee728b)
Start importing Assets/Scenes/SampleScene/ReflectionProbe-9.exr using Guid(f0e7f0a8b752e40488ce09f05f1ac2f2) Importer(815301076,1909f56bfc062723c751e8b465ee728b)  -> (artifact id: '4b84c74e21ebe4a6a717c6d65137ce87') in 0.270193 seconds 
  Import took 0.338502 seconds .

========================================================================
Received Import Request.
  Time since last request: 213.825724 seconds.
  path: Assets/Firework2.vfx
  artifactKey: Guid(c139a182302823d418c8d22a020bc651) Importer(815301076,1909f56bfc062723c751e8b465ee728b)
Start importing Assets/Firework2.vfx using Guid(c139a182302823d418c8d22a020bc651) Importer(815301076,1909f56bfc062723c751e8b465ee728b)  -> (artifact id: '55d8ced6f29fea63a60459c840b88ee0') in 0.097900 seconds 
  Import took 0.213824 seconds .

========================================================================
Received Import Request.
  Time since last request: 23.530749 seconds.
  path: Assets/Firework2.vfx
  artifactKey: Guid(c139a182302823d418c8d22a020bc651) Importer(815301076,1909f56bfc062723c751e8b465ee728b)
Start importing Assets/Firework2.vfx using Guid(c139a182302823d418c8d22a020bc651) Importer(815301076,1909f56bfc062723c751e8b465ee728b)  -> (artifact id: '3c8f6bbc53961f09c8a2cb941b59f8ab') in 0.606535 seconds 
  Import took 1.141292 seconds .

========================================================================
Received Import Request.
  Time since last request: 13.588972 seconds.
  path: Assets/Firework2.vfx
  artifactKey: Guid(c139a182302823d418c8d22a020bc651) Importer(815301076,1909f56bfc062723c751e8b465ee728b)
Start importing Assets/Firework2.vfx using Guid(c139a182302823d418c8d22a020bc651) Importer(815301076,1909f56bfc062723c751e8b465ee728b)  -> (artifact id: 'df043f98481f89194ec56cd92d4782b0') in 0.259607 seconds 
  Import took 0.475349 seconds .

========================================================================
Received Import Request.
  Time since last request: 38.110678 seconds.
  path: Assets/Firework2.vfx
  artifactKey: Guid(c139a182302823d418c8d22a020bc651) Importer(815301076,1909f56bfc062723c751e8b465ee728b)
Start importing Assets/Firework2.vfx using Guid(c139a182302823d418c8d22a020bc651) Importer(815301076,1909f56bfc062723c751e8b465ee728b)  -> (artifact id: '41281b2c6c5edbacd513ad9e631a8bd5') in 0.525006 seconds 
  Import took 1.014094 seconds .

========================================================================
Received Import Request.
  Time since last request: 14.454480 seconds.
  path: Assets/Firework2.vfx
  artifactKey: Guid(c139a182302823d418c8d22a020bc651) Importer(815301076,1909f56bfc062723c751e8b465ee728b)
Start importing Assets/Firework2.vfx using Guid(c139a182302823d418c8d22a020bc651) Importer(815301076,1909f56bfc062723c751e8b465ee728b)  -> (artifact id: 'e85e178ecee6c6b1f1a7eca18c322561') in 0.116332 seconds 
  Import took 0.165121 seconds .

========================================================================
Received Import Request.
  Time since last request: 44.533933 seconds.
  path: Assets/Firework2.vfx
  artifactKey: Guid(c139a182302823d418c8d22a020bc651) Importer(815301076,1909f56bfc062723c751e8b465ee728b)
Start importing Assets/Firework2.vfx using Guid(c139a182302823d418c8d22a020bc651) Importer(815301076,1909f56bfc062723c751e8b465ee728b)  -> (artifact id: '036e87e2b3f92f4f18253ead56f94dc0') in 0.106656 seconds 
  Import took 0.161067 seconds .

========================================================================
Received Import Request.
  Time since last request: 5.305843 seconds.
  path: Assets/Firework2.vfx
  artifactKey: Guid(c139a182302823d418c8d22a020bc651) Importer(815301076,1909f56bfc062723c751e8b465ee728b)
Start importing Assets/Firework2.vfx using Guid(c139a182302823d418c8d22a020bc651) Importer(815301076,1909f56bfc062723c751e8b465ee728b)  -> (artifact id: '171be5f68fbc63ea06da1539056d0dd6') in 0.118831 seconds 
  Import took 0.196582 seconds .

========================================================================
Received Import Request.
  Time since last request: 92.661864 seconds.
  path: Assets/Firework2.vfx
  artifactKey: Guid(c139a182302823d418c8d22a020bc651) Importer(815301076,1909f56bfc062723c751e8b465ee728b)
Start importing Assets/Firework2.vfx using Guid(c139a182302823d418c8d22a020bc651) Importer(815301076,1909f56bfc062723c751e8b465ee728b)  -> (artifact id: 'e952a38f380f3ee51cb354562e959f33') in 0.097439 seconds 
  Import took 1.630513 seconds .

========================================================================
Received Import Request.
  Time since last request: 6.664685 seconds.
  path: Assets/Firework2.vfx
  artifactKey: Guid(c139a182302823d418c8d22a020bc651) Importer(815301076,1909f56bfc062723c751e8b465ee728b)
Start importing Assets/Firework2.vfx using Guid(c139a182302823d418c8d22a020bc651) Importer(815301076,1909f56bfc062723c751e8b465ee728b)  -> (artifact id: '86594a30e6644f0ab5ff8028aae14c86') in 0.032583 seconds 
  Import took 0.083770 seconds .

========================================================================
Received Import Request.
  Time since last request: 9.338708 seconds.
  path: Assets/Firework2.vfx
  artifactKey: Guid(c139a182302823d418c8d22a020bc651) Importer(815301076,1909f56bfc062723c751e8b465ee728b)
Start importing Assets/Firework2.vfx using Guid(c139a182302823d418c8d22a020bc651) Importer(815301076,1909f56bfc062723c751e8b465ee728b)  -> (artifact id: 'ea095a7688621bff1b9f14e4ee443549') in 0.320094 seconds 
  Import took 0.700484 seconds .

========================================================================
Received Import Request.
  Time since last request: 68.807558 seconds.
  path: Assets/Firework2.vfx
  artifactKey: Guid(c139a182302823d418c8d22a020bc651) Importer(815301076,1909f56bfc062723c751e8b465ee728b)
Start importing Assets/Firework2.vfx using Guid(c139a182302823d418c8d22a020bc651) Importer(815301076,1909f56bfc062723c751e8b465ee728b)  -> (artifact id: '080fd2c76439f37ef40e78dc4d7e1a19') in 0.470125 seconds 
  Import took 0.817139 seconds .

========================================================================
Received Import Request.
  Time since last request: 79.813385 seconds.
  path: Assets/Firework2.vfx
  artifactKey: Guid(c139a182302823d418c8d22a020bc651) Importer(815301076,1909f56bfc062723c751e8b465ee728b)
Start importing Assets/Firework2.vfx using Guid(c139a182302823d418c8d22a020bc651) Importer(815301076,1909f56bfc062723c751e8b465ee728b)  -> (artifact id: 'a28f4f853da315c1e538f61efec56613') in 0.065994 seconds 
  Import took 0.418546 seconds .

========================================================================
Received Import Request.
  Time since last request: 127.296357 seconds.
  path: Assets/Firework2.vfx
  artifactKey: Guid(c139a182302823d418c8d22a020bc651) Importer(815301076,1909f56bfc062723c751e8b465ee728b)
Start importing Assets/Firework2.vfx using Guid(c139a182302823d418c8d22a020bc651) Importer(815301076,1909f56bfc062723c751e8b465ee728b)  -> (artifact id: '057c97a321992952cfbf205fdf1cbca6') in 0.705973 seconds 
  Import took 0.964959 seconds .

========================================================================
Received Import Request.
  Time since last request: 601.295952 seconds.
  path: Assets/Firework2.vfx
  artifactKey: Guid(c139a182302823d418c8d22a020bc651) Importer(815301076,1909f56bfc062723c751e8b465ee728b)
Start importing Assets/Firework2.vfx using Guid(c139a182302823d418c8d22a020bc651) Importer(815301076,1909f56bfc062723c751e8b465ee728b)  -> (artifact id: '782114aac37a23fb8071163f3546210c') in 0.012040 seconds 
  Import took 0.070122 seconds .

========================================================================
Received Import Request.
  Time since last request: 0.032785 seconds.
  path: Assets/Firework2.vfx
  artifactKey: Guid(c139a182302823d418c8d22a020bc651) Importer(815301076,1909f56bfc062723c751e8b465ee728b)
Start importing Assets/Firework2.vfx using Guid(c139a182302823d418c8d22a020bc651) Importer(815301076,1909f56bfc062723c751e8b465ee728b)  -> (artifact id: '782114aac37a23fb8071163f3546210c') in 0.103097 seconds 
  Import took 0.174856 seconds .

========================================================================
Received Import Request.
  Time since last request: 10.362112 seconds.
  path: Assets/Firework2.vfx
  artifactKey: Guid(c139a182302823d418c8d22a020bc651) Importer(815301076,1909f56bfc062723c751e8b465ee728b)
Start importing Assets/Firework2.vfx using Guid(c139a182302823d418c8d22a020bc651) Importer(815301076,1909f56bfc062723c751e8b465ee728b)  -> (artifact id: '811c764eedc4f9b23c44816ea1b3640e') in 0.087140 seconds 
  Import took 0.172875 seconds .

========================================================================
Received Import Request.
  Time since last request: 9.872188 seconds.
  path: Assets/Firework2.vfx
  artifactKey: Guid(c139a182302823d418c8d22a020bc651) Importer(815301076,1909f56bfc062723c751e8b465ee728b)
Start importing Assets/Firework2.vfx using Guid(c139a182302823d418c8d22a020bc651) Importer(815301076,1909f56bfc062723c751e8b465ee728b)  -> (artifact id: 'f58893e63fe97d5f7e64263f21faa39b') in 0.144833 seconds 
  Import took 0.238843 seconds .

========================================================================
Received Import Request.
  Time since last request: 19.153339 seconds.
  path: Assets/Firework2.vfx
  artifactKey: Guid(c139a182302823d418c8d22a020bc651) Importer(815301076,1909f56bfc062723c751e8b465ee728b)
Start importing Assets/Firework2.vfx using Guid(c139a182302823d418c8d22a020bc651) Importer(815301076,1909f56bfc062723c751e8b465ee728b)  -> (artifact id: '5692f3c142be970b6dae68b60b2feaf2') in 0.538857 seconds 
  Import took 0.692072 seconds .

========================================================================
Received Import Request.
  Time since last request: 68.734110 seconds.
  path: Assets/Firework2.vfx
  artifactKey: Guid(c139a182302823d418c8d22a020bc651) Importer(815301076,1909f56bfc062723c751e8b465ee728b)
Start importing Assets/Firework2.vfx using Guid(c139a182302823d418c8d22a020bc651) Importer(815301076,1909f56bfc062723c751e8b465ee728b)  -> (artifact id: '15624a4a4dd33d2a41b68a807dd327f7') in 0.304335 seconds 
  Import took 0.585325 seconds .

========================================================================
Received Import Request.
  Time since last request: 0.152148 seconds.
  path: Assets/Firework2.vfx
  artifactKey: Guid(c139a182302823d418c8d22a020bc651) Importer(815301076,1909f56bfc062723c751e8b465ee728b)
Start importing Assets/Firework2.vfx using Guid(c139a182302823d418c8d22a020bc651) Importer(815301076,1909f56bfc062723c751e8b465ee728b)  -> (artifact id: '15624a4a4dd33d2a41b68a807dd327f7') in 0.467352 seconds 
  Import took 1.014803 seconds .

========================================================================
Received Import Request.
  Time since last request: 6.725019 seconds.
  path: Assets/Firework2.vfx
  artifactKey: Guid(c139a182302823d418c8d22a020bc651) Importer(815301076,1909f56bfc062723c751e8b465ee728b)
Start importing Assets/Firework2.vfx using Guid(c139a182302823d418c8d22a020bc651) Importer(815301076,1909f56bfc062723c751e8b465ee728b)  -> (artifact id: 'f34aaecaff1137190d30d1b70551e8d6') in 0.017416 seconds 
  Import took 0.132406 seconds .

========================================================================
Received Import Request.
  Time since last request: 14.568529 seconds.
  path: Assets/Firework2.vfx
  artifactKey: Guid(c139a182302823d418c8d22a020bc651) Importer(815301076,1909f56bfc062723c751e8b465ee728b)
Start importing Assets/Firework2.vfx using Guid(c139a182302823d418c8d22a020bc651) Importer(815301076,1909f56bfc062723c751e8b465ee728b)  -> (artifact id: '1cb519928a25c41a4737c45f5c124c16') in 0.306665 seconds 
  Import took 0.533249 seconds .

========================================================================
Received Import Request.
  Time since last request: 20.240691 seconds.
  path: Assets/Firework2.vfx
  artifactKey: Guid(c139a182302823d418c8d22a020bc651) Importer(815301076,1909f56bfc062723c751e8b465ee728b)
Start importing Assets/Firework2.vfx using Guid(c139a182302823d418c8d22a020bc651) Importer(815301076,1909f56bfc062723c751e8b465ee728b)  -> (artifact id: 'c470b7835719356488fcf2e8fcd08b20') in 0.021569 seconds 
  Import took 0.237383 seconds .

========================================================================
Received Import Request.
  Time since last request: 0.065529 seconds.
  path: Assets/Firework2.vfx
  artifactKey: Guid(c139a182302823d418c8d22a020bc651) Importer(815301076,1909f56bfc062723c751e8b465ee728b)
Start importing Assets/Firework2.vfx using Guid(c139a182302823d418c8d22a020bc651) Importer(815301076,1909f56bfc062723c751e8b465ee728b)  -> (artifact id: 'c470b7835719356488fcf2e8fcd08b20') in 0.285723 seconds 
  Import took 0.499852 seconds .

========================================================================
Received Import Request.
  Time since last request: 87.382097 seconds.
  path: Assets/Firework2.vfx
  artifactKey: Guid(c139a182302823d418c8d22a020bc651) Importer(815301076,1909f56bfc062723c751e8b465ee728b)
Start importing Assets/Firework2.vfx using Guid(c139a182302823d418c8d22a020bc651) Importer(815301076,1909f56bfc062723c751e8b465ee728b)  -> (artifact id: '75b80015ae068be2f0906a4f58e40610') in 1.049867 seconds 
  Import took 1.518059 seconds .

========================================================================
Received Import Request.
  Time since last request: 0.110473 seconds.
  path: Assets/Firework2.vfx
  artifactKey: Guid(c139a182302823d418c8d22a020bc651) Importer(815301076,1909f56bfc062723c751e8b465ee728b)
Start importing Assets/Firework2.vfx using Guid(c139a182302823d418c8d22a020bc651) Importer(815301076,1909f56bfc062723c751e8b465ee728b)  -> (artifact id: '75b80015ae068be2f0906a4f58e40610') in 0.616435 seconds 
  Import took 0.978367 seconds .

========================================================================
Received Import Request.
  Time since last request: 31.206949 seconds.
  path: Assets/Firework2.vfx
  artifactKey: Guid(c139a182302823d418c8d22a020bc651) Importer(815301076,1909f56bfc062723c751e8b465ee728b)
Start importing Assets/Firework2.vfx using Guid(c139a182302823d418c8d22a020bc651) Importer(815301076,1909f56bfc062723c751e8b465ee728b)  -> (artifact id: 'ab0e9cd7810d830972aba3c11def1a52') in 0.091164 seconds 
  Import took 0.172904 seconds .

========================================================================
Received Import Request.
  Time since last request: 43.545017 seconds.
  path: Assets/Firework2.vfx
  artifactKey: Guid(c139a182302823d418c8d22a020bc651) Importer(815301076,1909f56bfc062723c751e8b465ee728b)
Start importing Assets/Firework2.vfx using Guid(c139a182302823d418c8d22a020bc651) Importer(815301076,1909f56bfc062723c751e8b465ee728b)  -> (artifact id: '21e3269997ec1c2ec7811445b1e8f651') in 0.041663 seconds 
  Import took 0.062915 seconds .

========================================================================
Received Import Request.
  Time since last request: 0.061687 seconds.
  path: Assets/Firework2.vfx
  artifactKey: Guid(c139a182302823d418c8d22a020bc651) Importer(815301076,1909f56bfc062723c751e8b465ee728b)
Start importing Assets/Firework2.vfx using Guid(c139a182302823d418c8d22a020bc651) Importer(815301076,1909f56bfc062723c751e8b465ee728b)  -> (artifact id: '21e3269997ec1c2ec7811445b1e8f651') in 0.108662 seconds 
  Import took 0.149182 seconds .

========================================================================
Received Import Request.
  Time since last request: 15.860946 seconds.
  path: Assets/Firework2.vfx
  artifactKey: Guid(c139a182302823d418c8d22a020bc651) Importer(815301076,1909f56bfc062723c751e8b465ee728b)
Start importing Assets/Firework2.vfx using Guid(c139a182302823d418c8d22a020bc651) Importer(815301076,1909f56bfc062723c751e8b465ee728b)  -> (artifact id: 'b6cbadf8e76b100ee5978f85ae833427') in 0.048440 seconds 
  Import took 0.075160 seconds .

========================================================================
Received Import Request.
  Time since last request: 89.468773 seconds.
  path: Assets/Firework2.vfx
  artifactKey: Guid(c139a182302823d418c8d22a020bc651) Importer(815301076,1909f56bfc062723c751e8b465ee728b)
Start importing Assets/Firework2.vfx using Guid(c139a182302823d418c8d22a020bc651) Importer(815301076,1909f56bfc062723c751e8b465ee728b)  -> (artifact id: 'c54296ff6f7507dc1a674229045c375f') in 0.540352 seconds 
  Import took 0.615154 seconds .

========================================================================
Received Import Request.
  Time since last request: 0.035924 seconds.
  path: Assets/Firework2.vfx
  artifactKey: Guid(c139a182302823d418c8d22a020bc651) Importer(815301076,1909f56bfc062723c751e8b465ee728b)
Start importing Assets/Firework2.vfx using Guid(c139a182302823d418c8d22a020bc651) Importer(815301076,1909f56bfc062723c751e8b465ee728b)  -> (artifact id: 'c54296ff6f7507dc1a674229045c375f') in 0.037420 seconds 
  Import took 0.159526 seconds .

========================================================================
Received Import Request.
  Time since last request: 137.503712 seconds.
  path: Assets/Firework2.vfx
  artifactKey: Guid(c139a182302823d418c8d22a020bc651) Importer(815301076,1909f56bfc062723c751e8b465ee728b)
Start importing Assets/Firework2.vfx using Guid(c139a182302823d418c8d22a020bc651) Importer(815301076,1909f56bfc062723c751e8b465ee728b)  -> (artifact id: '1ddcc6243b925a16e83056e9c5935939') in 0.093250 seconds 
  Import took 0.155100 seconds .

========================================================================
Received Import Request.
  Time since last request: 4.480467 seconds.
  path: Assets/Firework2.vfx
  artifactKey: Guid(c139a182302823d418c8d22a020bc651) Importer(815301076,1909f56bfc062723c751e8b465ee728b)
Start importing Assets/Firework2.vfx using Guid(c139a182302823d418c8d22a020bc651) Importer(815301076,1909f56bfc062723c751e8b465ee728b)  -> (artifact id: 'a296794f3a765990107bb24e1f66371c') in 0.052010 seconds 
  Import took 0.088323 seconds .

========================================================================
Received Import Request.
  Time since last request: 0.047851 seconds.
  path: Assets/Firework2.vfx
  artifactKey: Guid(c139a182302823d418c8d22a020bc651) Importer(815301076,1909f56bfc062723c751e8b465ee728b)
Start importing Assets/Firework2.vfx using Guid(c139a182302823d418c8d22a020bc651) Importer(815301076,1909f56bfc062723c751e8b465ee728b)  -> (artifact id: 'a296794f3a765990107bb24e1f66371c') in 0.156028 seconds 
  Import took 0.216228 seconds .

========================================================================
Received Import Request.
  Time since last request: 10.258141 seconds.
  path: Assets/Firework2.vfx
  artifactKey: Guid(c139a182302823d418c8d22a020bc651) Importer(815301076,1909f56bfc062723c751e8b465ee728b)
Start importing Assets/Firework2.vfx using Guid(c139a182302823d418c8d22a020bc651) Importer(815301076,1909f56bfc062723c751e8b465ee728b)  -> (artifact id: '26614d522013e7fb13c5011bae85b8ba') in 0.024288 seconds 
  Import took 0.172984 seconds .

========================================================================
Received Import Request.
  Time since last request: 37.023196 seconds.
  path: Assets/Firework2.vfx
  artifactKey: Guid(c139a182302823d418c8d22a020bc651) Importer(815301076,1909f56bfc062723c751e8b465ee728b)
Start importing Assets/Firework2.vfx using Guid(c139a182302823d418c8d22a020bc651) Importer(815301076,1909f56bfc062723c751e8b465ee728b)  -> (artifact id: '143a03f031363bbaed28f87eb393ac8c') in 0.515075 seconds 
  Import took 0.553261 seconds .

========================================================================
Received Import Request.
  Time since last request: 8.778953 seconds.
  path: Assets/Firework2.vfx
  artifactKey: Guid(c139a182302823d418c8d22a020bc651) Importer(815301076,1909f56bfc062723c751e8b465ee728b)
Start importing Assets/Firework2.vfx using Guid(c139a182302823d418c8d22a020bc651) Importer(815301076,1909f56bfc062723c751e8b465ee728b)  -> (artifact id: '0f3f1b32271749c730ac4de0b3b2d98f') in 0.025782 seconds 
  Import took 0.053216 seconds .

========================================================================
Received Import Request.
  Time since last request: 0.077929 seconds.
  path: Assets/Firework2.vfx
  artifactKey: Guid(c139a182302823d418c8d22a020bc651) Importer(815301076,1909f56bfc062723c751e8b465ee728b)
Start importing Assets/Firework2.vfx using Guid(c139a182302823d418c8d22a020bc651) Importer(815301076,1909f56bfc062723c751e8b465ee728b)  -> (artifact id: '0f3f1b32271749c730ac4de0b3b2d98f') in 0.107069 seconds 
  Import took 0.125783 seconds .

========================================================================
Received Import Request.
  Time since last request: 17.513726 seconds.
  path: Assets/Firework2.vfx
  artifactKey: Guid(c139a182302823d418c8d22a020bc651) Importer(815301076,1909f56bfc062723c751e8b465ee728b)
Start importing Assets/Firework2.vfx using Guid(c139a182302823d418c8d22a020bc651) Importer(815301076,1909f56bfc062723c751e8b465ee728b)  -> (artifact id: '2b321b80c02be46e713ba5560ea88356') in 0.237627 seconds 
  Import took 1.091955 seconds .

========================================================================
Received Import Request.
  Time since last request: 40.086904 seconds.
  path: Assets/Firework2.vfx
  artifactKey: Guid(c139a182302823d418c8d22a020bc651) Importer(815301076,1909f56bfc062723c751e8b465ee728b)
Start importing Assets/Firework2.vfx using Guid(c139a182302823d418c8d22a020bc651) Importer(815301076,1909f56bfc062723c751e8b465ee728b)  -> (artifact id: 'a9da0181ce569415e2f071e9eab6f12f') in 0.810983 seconds 
  Import took 1.169793 seconds .

========================================================================
Received Import Request.
  Time since last request: 40.998854 seconds.
  path: Assets/Firework2.vfx
  artifactKey: Guid(c139a182302823d418c8d22a020bc651) Importer(815301076,1909f56bfc062723c751e8b465ee728b)
Start importing Assets/Firework2.vfx using Guid(c139a182302823d418c8d22a020bc651) Importer(815301076,1909f56bfc062723c751e8b465ee728b)  -> (artifact id: '533a8cc2e122b59b3dc2128f6051dde0') in 0.018905 seconds 
  Import took 0.145144 seconds .

========================================================================
Received Import Request.
  Time since last request: 17.667776 seconds.
  path: Assets/Firework2.vfx
  artifactKey: Guid(c139a182302823d418c8d22a020bc651) Importer(815301076,1909f56bfc062723c751e8b465ee728b)
Start importing Assets/Firework2.vfx using Guid(c139a182302823d418c8d22a020bc651) Importer(815301076,1909f56bfc062723c751e8b465ee728b)  -> (artifact id: 'e924491f87fc369dbef26066230aa235') in 0.117851 seconds 
  Import took 0.189419 seconds .

========================================================================
Received Import Request.
  Time since last request: 38.952552 seconds.
  path: Assets/Firework2.vfx
  artifactKey: Guid(c139a182302823d418c8d22a020bc651) Importer(815301076,1909f56bfc062723c751e8b465ee728b)
Start importing Assets/Firework2.vfx using Guid(c139a182302823d418c8d22a020bc651) Importer(815301076,1909f56bfc062723c751e8b465ee728b)  -> (artifact id: '0f32b104b8ec79fc93a23010bfe59e96') in 0.043283 seconds 
  Import took 0.154069 seconds .

========================================================================
Received Import Request.
  Time since last request: 6.331480 seconds.
  path: Assets/Firework2.vfx
  artifactKey: Guid(c139a182302823d418c8d22a020bc651) Importer(815301076,1909f56bfc062723c751e8b465ee728b)
Start importing Assets/Firework2.vfx using Guid(c139a182302823d418c8d22a020bc651) Importer(815301076,1909f56bfc062723c751e8b465ee728b)  -> (artifact id: 'e9906a62e8d39309a6e84e9fe8975066') in 0.166502 seconds 
  Import took 0.814975 seconds .

========================================================================
Received Import Request.
  Time since last request: 45.891396 seconds.
  path: Assets/Firework2.vfx
  artifactKey: Guid(c139a182302823d418c8d22a020bc651) Importer(815301076,1909f56bfc062723c751e8b465ee728b)
Start importing Assets/Firework2.vfx using Guid(c139a182302823d418c8d22a020bc651) Importer(815301076,1909f56bfc062723c751e8b465ee728b)  -> (artifact id: '241a9ca9a0b7ab4adb490e8e87395e66') in 0.126832 seconds 
  Import took 0.937722 seconds .

========================================================================
Received Import Request.
  Time since last request: 112.810522 seconds.
  path: Assets/Firework2.vfx
  artifactKey: Guid(c139a182302823d418c8d22a020bc651) Importer(815301076,1909f56bfc062723c751e8b465ee728b)
Start importing Assets/Firework2.vfx using Guid(c139a182302823d418c8d22a020bc651) Importer(815301076,1909f56bfc062723c751e8b465ee728b)  -> (artifact id: '73d5c068839c9e3ad91ac34d199642e0') in 0.101432 seconds 
  Import took 0.154148 seconds .

========================================================================
Received Import Request.
  Time since last request: 9.456243 seconds.
  path: Assets/Firework2.vfx
  artifactKey: Guid(c139a182302823d418c8d22a020bc651) Importer(815301076,1909f56bfc062723c751e8b465ee728b)
Start importing Assets/Firework2.vfx using Guid(c139a182302823d418c8d22a020bc651) Importer(815301076,1909f56bfc062723c751e8b465ee728b)  -> (artifact id: 'a9474e7c7c1f5aa9612c3ee43b792325') in 0.119073 seconds 
  Import took 0.187248 seconds .

========================================================================
Received Import Request.
  Time since last request: 36.233854 seconds.
  path: Assets/Firework2.vfx
  artifactKey: Guid(c139a182302823d418c8d22a020bc651) Importer(815301076,1909f56bfc062723c751e8b465ee728b)
Start importing Assets/Firework2.vfx using Guid(c139a182302823d418c8d22a020bc651) Importer(815301076,1909f56bfc062723c751e8b465ee728b)  -> (artifact id: '73f314e1136e8ac4ae46ba2cbfdd0577') in 0.304236 seconds 
  Import took 0.583300 seconds .

========================================================================
Received Import Request.
  Time since last request: 1917.772962 seconds.
  path: Packages/com.unity.textmeshpro/package.json
  artifactKey: Guid(220e9325710f4235a43492dd1ee4980d) Importer(815301076,1909f56bfc062723c751e8b465ee728b)
Start importing Packages/com.unity.textmeshpro/package.json using Guid(220e9325710f4235a43492dd1ee4980d) Importer(815301076,1909f56bfc062723c751e8b465ee728b)  -> (artifact id: '2d395e9cb622685b05597bdcc3fdc587') in 0.122655 seconds 
  Import took 0.621233 seconds .

========================================================================
Received Import Request.
  Time since last request: 1668.766245 seconds.
  path: Assets/SampleSceneAssets/Scripts/PlayerControllerFPS.prefab
  artifactKey: Guid(573ac53c334415945bf239de2c2f0511) Importer(815301076,1909f56bfc062723c751e8b465ee728b)
Start importing Assets/SampleSceneAssets/Scripts/PlayerControllerFPS.prefab using Guid(573ac53c334415945bf239de2c2f0511) Importer(815301076,1909f56bfc062723c751e8b465ee728b)  -> (artifact id: '2e3f39d7194667881e84f784b5b22f80') in 0.195422 seconds 
  Import took 0.245925 seconds .

========================================================================
Received Import Request.
  Time since last request: 1.010526 seconds.
  path: Assets/SampleSceneAssets/Scripts/PlayerControllerFPS.prefab
  artifactKey: Guid(573ac53c334415945bf239de2c2f0511) Importer(815301076,1909f56bfc062723c751e8b465ee728b)
Start importing Assets/SampleSceneAssets/Scripts/PlayerControllerFPS.prefab using Guid(573ac53c334415945bf239de2c2f0511) Importer(815301076,1909f56bfc062723c751e8b465ee728b)  -> (artifact id: '2e3f39d7194667881e84f784b5b22f80') in 0.047242 seconds 
  Import took 0.072184 seconds .

========================================================================
Received Import Request.
  Time since last request: 4087.594463 seconds.
  path: Assets/Firework2.vfx
  artifactKey: Guid(c139a182302823d418c8d22a020bc651) Importer(815301076,1909f56bfc062723c751e8b465ee728b)
Start importing Assets/Firework2.vfx using Guid(c139a182302823d418c8d22a020bc651) Importer(815301076,1909f56bfc062723c751e8b465ee728b)  -> (artifact id: 'd0a4388903d6338769593e52abbd2e66') in 0.207003 seconds 
  Import took 0.880335 seconds .

========================================================================
Received Import Request.
  Time since last request: 0.179662 seconds.
  path: Assets/Firework2.vfx
  artifactKey: Guid(c139a182302823d418c8d22a020bc651) Importer(815301076,1909f56bfc062723c751e8b465ee728b)
Start importing Assets/Firework2.vfx using Guid(c139a182302823d418c8d22a020bc651) Importer(815301076,1909f56bfc062723c751e8b465ee728b)  -> (artifact id: 'd0a4388903d6338769593e52abbd2e66') in 0.201160 seconds 
  Import took 0.267168 seconds .

========================================================================
Received Import Request.
  Time since last request: 220.259314 seconds.
  path: Assets/Firework2.vfx
  artifactKey: Guid(c139a182302823d418c8d22a020bc651) Importer(815301076,1909f56bfc062723c751e8b465ee728b)
Start importing Assets/Firework2.vfx using Guid(c139a182302823d418c8d22a020bc651) Importer(815301076,1909f56bfc062723c751e8b465ee728b)  -> (artifact id: '7b362cd70735520abbc164bd9c4e2d0d') in 0.544887 seconds 
  Import took 1.013513 seconds .

========================================================================
Received Import Request.
  Time since last request: 12.283465 seconds.
  path: Assets/Firework2.vfx
  artifactKey: Guid(c139a182302823d418c8d22a020bc651) Importer(815301076,1909f56bfc062723c751e8b465ee728b)
Start importing Assets/Firework2.vfx using Guid(c139a182302823d418c8d22a020bc651) Importer(815301076,1909f56bfc062723c751e8b465ee728b)  -> (artifact id: '54233aad662c3090810ad0020ed7dbac') in 0.167807 seconds 
  Import took 0.237890 seconds .

========================================================================
Received Import Request.
  Time since last request: 249.873256 seconds.
  path: Assets/Firework2.vfx
  artifactKey: Guid(c139a182302823d418c8d22a020bc651) Importer(815301076,1909f56bfc062723c751e8b465ee728b)
Start importing Assets/Firework2.vfx using Guid(c139a182302823d418c8d22a020bc651) Importer(815301076,1909f56bfc062723c751e8b465ee728b)  -> (artifact id: 'b8647656c103ee0005a2e3f7f9f07149') in 0.426896 seconds 
  Import took 0.561007 seconds .

========================================================================
Received Import Request.
  Time since last request: 571.495582 seconds.
  path: Assets/Firework2.vfx
  artifactKey: Guid(c139a182302823d418c8d22a020bc651) Importer(815301076,1909f56bfc062723c751e8b465ee728b)
Start importing Assets/Firework2.vfx using Guid(c139a182302823d418c8d22a020bc651) Importer(815301076,1909f56bfc062723c751e8b465ee728b)  -> (artifact id: 'a762a044c0f425aad0f2555dfeb7cdac') in 0.048139 seconds 
  Import took 0.086281 seconds .

AssetImportWorkerClient::OnTransportError - code=2 error=End of file
