Using pre-set license
Built from '2020.3/staging' branch; Version is '2020.3.17f1 (a4537701e4ab) revision 10769271'; Using compiler version '192528614'; Build Type 'Release'
OS: 'Windows 10 Home; OS build 22000.318; Version 2009; 64bit' Language: 'en' Physical Memory: 14274 MB
BatchMode: 1, IsHumanControllingUs: 0, StartBugReporterOnCrash: 0, Is64bit: 1, IsPro: 0

COMMAND LINE ARGUMENTS:
C:\Program Files\Unity\Hub\Editor\2020.3.17f1\Editor\Unity.exe
-adb2
-batchMode
-noUpm
-name
AssetImportWorker10
-projectPath
C:/Users/kyled/OneDrive/Documents/Unity/Fireworks2
-logFile
Logs/AssetImportWorker10.log
-srvPort
49700
Successfully changed project path to: C:/Users/kyled/OneDrive/Documents/Unity/Fireworks2
C:/Users/kyled/OneDrive/Documents/Unity/Fireworks2
Using Asset Import Pipeline V2.
Refreshing native plugins compatible for Editor in 373.23 ms, found 2 plugins.
Preloading 0 native plugins for Editor in 0.00 ms.
Initialize engine version: 2020.3.17f1 (a4537701e4ab)
[Subsystems] Discovering subsystems at path C:/Program Files/Unity/Hub/Editor/2020.3.17f1/Editor/Data/Resources/UnitySubsystems
[Subsystems] Discovering subsystems at path C:/Users/kyled/OneDrive/Documents/Unity/Fireworks2/Assets
GfxDevice: creating device client; threaded=0
Direct3D:
    Version:  Direct3D 11.0 [level 11.1]
    Renderer: AMD Radeon(TM) Vega 3 Graphics (ID=0x15d8)
    Vendor:   
    VRAM:     7137 MB
    Driver:   27.20.1028.1
Initialize mono
Mono path[0] = 'C:/Program Files/Unity/Hub/Editor/2020.3.17f1/Editor/Data/Managed'
Mono path[1] = 'C:/Program Files/Unity/Hub/Editor/2020.3.17f1/Editor/Data/MonoBleedingEdge/lib/mono/unityjit'
Mono config path = 'C:/Program Files/Unity/Hub/Editor/2020.3.17f1/Editor/Data/MonoBleedingEdge/etc'
Using monoOptions --debugger-agent=transport=dt_socket,embedding=1,server=y,suspend=n,address=127.0.0.1:56872
Begin MonoManager ReloadAssembly
Registering precompiled unity dll's ...
Register platform support module: C:/Program Files/Unity/Hub/Editor/2020.3.17f1/Editor/Data/PlaybackEngines/WebGLSupport/UnityEditor.WebGL.Extensions.dll
Register platform support module: C:/Program Files/Unity/Hub/Editor/2020.3.17f1/Editor/Data/PlaybackEngines/WindowsStandaloneSupport/UnityEditor.WindowsStandalone.Extensions.dll
Registered in 0.007288 seconds.
Native extension for WindowsStandalone target not found
Native extension for WebGL target not found
Refreshing native plugins compatible for Editor in 354.45 ms, found 2 plugins.
Preloading 0 native plugins for Editor in 0.00 ms.
Mono: successfully reloaded assembly
- Completed reload, in  5.032 seconds
Domain Reload Profiling:
	ReloadAssembly (5033ms)
		BeginReloadAssembly (267ms)
			ExecutionOrderSort (0ms)
			DisableScriptedObjects (0ms)
			BackupInstance (0ms)
			ReleaseScriptingObjects (0ms)
			CreateAndSetChildDomain (2ms)
		EndReloadAssembly (2089ms)
			LoadAssemblies (262ms)
			RebuildTransferFunctionScriptingTraits (0ms)
			SetupTypeCache (664ms)
			ReleaseScriptCaches (0ms)
			RebuildScriptCaches (126ms)
			SetupLoadedEditorAssemblies (987ms)
				LogAssemblyErrors (0ms)
				InitializePlatformSupportModulesInManaged (21ms)
				SetLoadedEditorAssemblies (1ms)
				RefreshPlugins (355ms)
				BeforeProcessingInitializeOnLoad (27ms)
				ProcessInitializeOnLoadAttributes (366ms)
				ProcessInitializeOnLoadMethodAttributes (217ms)
				AfterProcessingInitializeOnLoad (0ms)
				EditorAssembliesLoaded (1ms)
			ExecutionOrderSort2 (0ms)
			AwakeInstancesAfterBackupRestoration (0ms)
Platform modules already initialized, skipping
Registering precompiled user dll's ...
Registered in 0.016811 seconds.
Begin MonoManager ReloadAssembly
Native extension for WindowsStandalone target not found
Native extension for WebGL target not found
Refreshing native plugins compatible for Editor in 364.78 ms, found 2 plugins.
Preloading 0 native plugins for Editor in 0.00 ms.
Mono: successfully reloaded assembly
- Completed reload, in  7.004 seconds
Domain Reload Profiling:
	ReloadAssembly (7007ms)
		BeginReloadAssembly (542ms)
			ExecutionOrderSort (0ms)
			DisableScriptedObjects (16ms)
			BackupInstance (0ms)
			ReleaseScriptingObjects (1ms)
			CreateAndSetChildDomain (74ms)
		EndReloadAssembly (6177ms)
			LoadAssemblies (362ms)
			RebuildTransferFunctionScriptingTraits (0ms)
			SetupTypeCache (1504ms)
			ReleaseScriptCaches (2ms)
			RebuildScriptCaches (466ms)
			SetupLoadedEditorAssemblies (3247ms)
				LogAssemblyErrors (0ms)
				InitializePlatformSupportModulesInManaged (24ms)
				SetLoadedEditorAssemblies (1ms)
				RefreshPlugins (365ms)
				BeforeProcessingInitializeOnLoad (292ms)
				ProcessInitializeOnLoadAttributes (1984ms)
				ProcessInitializeOnLoadMethodAttributes (560ms)
				AfterProcessingInitializeOnLoad (20ms)
				EditorAssembliesLoaded (1ms)
			ExecutionOrderSort2 (0ms)
			AwakeInstancesAfterBackupRestoration (28ms)
Platform modules already initialized, skipping
========================================================================
Worker process is ready to serve import requests
Launched and connected shader compiler UnityShaderCompiler.exe after 0.20 seconds
Refreshing native plugins compatible for Editor in 2.58 ms, found 2 plugins.
Preloading 0 native plugins for Editor in 0.00 ms.
Unloading 4081 Unused Serialized files (Serialized files now loaded: 0)
System memory in use before: 192.5 MB.
System memory in use after: 192.7 MB.

Unloading 22 unused Assets to reduce memory usage. Loaded Objects now: 4535.
Total: 27.255000 ms (FindLiveObjects: 0.951900 ms CreateObjectMapping: 0.555800 ms MarkObjects: 25.344800 ms  DeleteObjects: 0.399700 ms)

AssetImportParameters requested are different than current active one (requested -> active):
  custom:framework-win-MediaFoundation: 216162199b28c13a410421893ffa2e32 -> 
  custom:video-decoder-ogg-theora: a1e56fd34408186e4bbccfd4996cb3dc -> 
  custom:container-muxer-webm: aa71ff27fc2769a1b78a27578f13a17b -> 
  custom:container-demuxer-webm: 4f35f7cbe854078d1ac9338744f61a02 -> 
  custom:container-demuxer-ogg: 62fdf1f143b41e24485cea50d1cbac27 -> 
  custom:video-encoder-webm-vp8: eb34c28f22e8b96e1ab97ce403110664 -> 
  custom:video-decoder-webm-vp8: 9c59270c3fd7afecdb556c50c9e8de78 -> 
  custom:audio-decoder-ogg-vorbis: bf7c407c2cedff20999df2af8eb42d56 -> 
  custom:audio-encoder-webm-vorbis: bf7c407c2cedff20999df2af8eb42d56 -> 
========================================================================
Received Import Request.
  path: Assets/SampleSceneAssets/TutorialInfo/Readme.asset
  artifactKey: Guid(83c2ed844a8c74b779a4c823d16594b1) Importer(815301076,1909f56bfc062723c751e8b465ee728b)
Start importing Assets/SampleSceneAssets/TutorialInfo/Readme.asset using Guid(83c2ed844a8c74b779a4c823d16594b1) Importer(815301076,1909f56bfc062723c751e8b465ee728b)  -> (artifact id: '2f526ef3cb39c3e098b46d739acdfcb0') in 0.224179 seconds 
  Import took 0.254465 seconds .

========================================================================
Received Import Request.
  Time since last request: 5323.183235 seconds.
  path: Assets/SampleSceneAssets/TutorialInfo/Scripts/Readme.cs
  artifactKey: Guid(fcf7219bab7fe46a1ad266029b2fee19) Importer(815301076,1909f56bfc062723c751e8b465ee728b)
Start importing Assets/SampleSceneAssets/TutorialInfo/Scripts/Readme.cs using Guid(fcf7219bab7fe46a1ad266029b2fee19) Importer(815301076,1909f56bfc062723c751e8b465ee728b)  -> (artifact id: '522de16273390441453e4528773baf9e') in 0.027857 seconds 
  Import took 0.041884 seconds .

========================================================================
Received Import Request.
  Time since last request: 0.026904 seconds.
  path: Assets/SampleSceneAssets/TutorialInfo/Icons/HDIcon.png
  artifactKey: Guid(9b84c330de497af4793fd7b376afed13) Importer(815301076,1909f56bfc062723c751e8b465ee728b)
Start importing Assets/SampleSceneAssets/TutorialInfo/Icons/HDIcon.png using Guid(9b84c330de497af4793fd7b376afed13) Importer(815301076,1909f56bfc062723c751e8b465ee728b)  -> (artifact id: '6bdf9fa86713fa1ef4fc4f776e216c6d') in 0.159776 seconds 
  Import took 0.179012 seconds .

========================================================================
Received Import Request.
  Time since last request: 0.050025 seconds.
  path: Assets/SampleSceneAssets/Scripts/LookWithMouse.cs
  artifactKey: Guid(4eb578550bc4f824e97f0a72eac1f3a5) Importer(815301076,1909f56bfc062723c751e8b465ee728b)
Start importing Assets/SampleSceneAssets/Scripts/LookWithMouse.cs using Guid(4eb578550bc4f824e97f0a72eac1f3a5) Importer(815301076,1909f56bfc062723c751e8b465ee728b)  -> (artifact id: 'f997ef533b593b5bd42bcac8c76c900d') in 0.031428 seconds 
  Import took 0.045396 seconds .

========================================================================
Received Import Request.
  Time since last request: 0.039069 seconds.
  path: Assets/SampleSceneAssets/Scripts/PlayerMovement.cs
  artifactKey: Guid(87f6dfceb3e39a947a312f7eeaa2a113) Importer(815301076,1909f56bfc062723c751e8b465ee728b)
Start importing Assets/SampleSceneAssets/Scripts/PlayerMovement.cs using Guid(87f6dfceb3e39a947a312f7eeaa2a113) Importer(815301076,1909f56bfc062723c751e8b465ee728b)  -> (artifact id: '437fce909d253c81275dd34c51d95796') in 0.024970 seconds 
  Import took 0.038953 seconds .

========================================================================
Received Import Request.
  Time since last request: 0.151348 seconds.
  path: Assets/SampleSceneAssets/TutorialInfo/Scripts/Editor/ReadmeEditor.cs
  artifactKey: Guid(476cc7d7cd9874016adc216baab94a0a) Importer(815301076,1909f56bfc062723c751e8b465ee728b)
Start importing Assets/SampleSceneAssets/TutorialInfo/Scripts/Editor/ReadmeEditor.cs using Guid(476cc7d7cd9874016adc216baab94a0a) Importer(815301076,1909f56bfc062723c751e8b465ee728b)  -> (artifact id: '54fcd82dd26227415264fdd65752f993') in 0.015196 seconds 
  Import took 0.033404 seconds .

========================================================================
Received Import Request.
  Time since last request: 0.073785 seconds.
  path: Assets/SampleSceneAssets/Scripts/SimpleCameraController.cs
  artifactKey: Guid(14e519c409be4a1428028347410f5677) Importer(815301076,1909f56bfc062723c751e8b465ee728b)
Start importing Assets/SampleSceneAssets/Scripts/SimpleCameraController.cs using Guid(14e519c409be4a1428028347410f5677) Importer(815301076,1909f56bfc062723c751e8b465ee728b)  -> (artifact id: '9e0e6d422b4efde6a30f9345b80242be') in 0.018988 seconds 
  Import took 0.038279 seconds .

