Using pre-set license
Built from '2020.3/staging' branch; Version is '2020.3.17f1 (a4537701e4ab) revision 10769271'; Using compiler version '192528614'; Build Type 'Release'
OS: 'Windows 10 Home; OS build 22000.318; Version 2009; 64bit' Language: 'en' Physical Memory: 14274 MB
BatchMode: 1, IsHumanControllingUs: 0, StartBugReporterOnCrash: 0, Is64bit: 1, IsPro: 0

COMMAND LINE ARGUMENTS:
C:\Program Files\Unity\Hub\Editor\2020.3.17f1\Editor\Unity.exe
-adb2
-batchMode
-noUpm
-name
AssetImportWorker4
-projectPath
C:/Users/kyled/OneDrive/Documents/Unity/Fireworks2
-logFile
Logs/AssetImportWorker4.log
-srvPort
64347
Successfully changed project path to: C:/Users/kyled/OneDrive/Documents/Unity/Fireworks2
C:/Users/kyled/OneDrive/Documents/Unity/Fireworks2
Using Asset Import Pipeline V2.
